[2024-01-31T14:01:13.306+0000] {taskinstance.py:1956} INFO - Dependencies all met for dep_context=non-requeueable deps ti=<TaskInstance: mysql_ingestor.ingestion manual__2024-01-31T14:01:12.255897+00:00 [queued]>
[2024-01-31T14:01:13.311+0000] {taskinstance.py:1956} INFO - Dependencies all met for dep_context=requeueable deps ti=<TaskInstance: mysql_ingestor.ingestion manual__2024-01-31T14:01:12.255897+00:00 [queued]>
[2024-01-31T14:01:13.312+0000] {taskinstance.py:2170} INFO - Starting attempt 1 of 1
[2024-01-31T14:01:13.321+0000] {taskinstance.py:2191} INFO - Executing <Task(_PythonDecoratedOperator): ingestion> on 2024-01-31 14:01:12.255897+00:00
[2024-01-31T14:01:13.325+0000] {standard_task_runner.py:60} INFO - Started process 599 to run task
[2024-01-31T14:01:13.327+0000] {standard_task_runner.py:87} INFO - Running: ['***', 'tasks', 'run', 'mysql_ingestor', 'ingestion', 'manual__2024-01-31T14:01:12.255897+00:00', '--job-id', '142', '--raw', '--subdir', 'DAGS_FOLDER/mysql_ingestor.py', '--cfg-path', '/tmp/tmpnjrtn2bz']
[2024-01-31T14:01:13.328+0000] {standard_task_runner.py:88} INFO - Job 142: Subtask ingestion
[2024-01-31T14:01:13.359+0000] {task_command.py:423} INFO - Running <TaskInstance: mysql_ingestor.ingestion manual__2024-01-31T14:01:12.255897+00:00 [running]> on host eedf278c5a58
[2024-01-31T14:01:13.413+0000] {taskinstance.py:2480} INFO - Exporting env vars: AIRFLOW_CTX_DAG_OWNER='***' AIRFLOW_CTX_DAG_ID='mysql_ingestor' AIRFLOW_CTX_TASK_ID='ingestion' AIRFLOW_CTX_EXECUTION_DATE='2024-01-31T14:01:12.255897+00:00' AIRFLOW_CTX_TRY_NUMBER='1' AIRFLOW_CTX_DAG_RUN_ID='manual__2024-01-31T14:01:12.255897+00:00'
[2024-01-31T14:01:13.413+0000] {warnings.py:109} WARNING - /home/***/.local/lib/python3.8/site-packages/***/utils/context.py:207: AirflowContextDeprecationWarning: Accessing 'execution_date' from the template is deprecated and will be removed in a future version. Please use 'data_interval_start' or 'logical_date' instead.
  warnings.warn(_create_deprecation_warning(key, self._deprecation_replacements[key]))

[2024-01-31T14:01:13.428+0000] {logging_mixin.py:188} INFO - [   index  order_id  customer_id     order_status                 created_at
0      0       841            1          created 2024-01-31 21:02:13.414299
1      0       841            1  wait_to_payment 2024-01-31 21:09:13.414303
2      0       841            1            paied 2024-01-31 21:16:13.414305
3      0       841            1  wait_to_approve 2024-01-31 21:19:13.414306
4      0       841            1         approved 2024-01-31 21:30:13.414308
5      0       841            1        finalized 2024-01-31 21:33:13.414309,    index  order_id  customer_id     order_status                 created_at
0      1       842            2          created 2024-01-31 21:05:13.414320
1      1       842            2  wait_to_payment 2024-01-31 21:12:13.414323
2      1       842            2            paied 2024-01-31 21:18:13.414324
3      1       842            2  wait_to_approve 2024-01-31 21:19:13.414326
4      1       842            2         approved 2024-01-31 21:26:13.414328]
[2024-01-31T14:01:18.444+0000] {logging_mixin.py:188} INFO - Connected to MySQL database!
[2024-01-31T14:01:18.457+0000] {logging_mixin.py:188} INFO - Connected to MySQL database!
[2024-01-31T14:01:23.467+0000] {logging_mixin.py:188} INFO - UPDATE falafel_db.orders SET order_status = %s, updated_at = %s WHERE order_id = %s
[2024-01-31T14:01:23.471+0000] {logging_mixin.py:188} INFO - Connected to MySQL database!
[2024-01-31T14:01:23.479+0000] {logging_mixin.py:188} INFO - UPDATE falafel_db.orders SET order_status = %s, updated_at = %s WHERE order_id = %s
[2024-01-31T14:01:23.481+0000] {logging_mixin.py:188} INFO - Connected to MySQL database!
[2024-01-31T14:01:28.492+0000] {logging_mixin.py:188} INFO - UPDATE falafel_db.orders SET order_status = %s, updated_at = %s WHERE order_id = %s
[2024-01-31T14:01:28.500+0000] {logging_mixin.py:188} INFO - Connected to MySQL database!
[2024-01-31T14:01:28.511+0000] {logging_mixin.py:188} INFO - UPDATE falafel_db.orders SET order_status = %s, updated_at = %s WHERE order_id = %s
[2024-01-31T14:01:28.518+0000] {logging_mixin.py:188} INFO - Connected to MySQL database!
[2024-01-31T14:01:33.537+0000] {logging_mixin.py:188} INFO - UPDATE falafel_db.orders SET order_status = %s, updated_at = %s WHERE order_id = %s
[2024-01-31T14:01:33.544+0000] {logging_mixin.py:188} INFO - Connected to MySQL database!
[2024-01-31T14:01:33.553+0000] {logging_mixin.py:188} INFO - UPDATE falafel_db.orders SET order_status = %s, updated_at = %s WHERE order_id = %s
[2024-01-31T14:01:33.556+0000] {logging_mixin.py:188} INFO - Connected to MySQL database!
[2024-01-31T14:01:38.567+0000] {logging_mixin.py:188} INFO - UPDATE falafel_db.orders SET order_status = %s, updated_at = %s WHERE order_id = %s
[2024-01-31T14:01:38.571+0000] {logging_mixin.py:188} INFO - Connected to MySQL database!
[2024-01-31T14:01:38.580+0000] {logging_mixin.py:188} INFO - UPDATE falafel_db.orders SET order_status = %s, updated_at = %s WHERE order_id = %s
[2024-01-31T14:01:38.584+0000] {logging_mixin.py:188} INFO - Connected to MySQL database!
[2024-01-31T14:01:43.598+0000] {logging_mixin.py:188} INFO - UPDATE falafel_db.orders SET order_status = %s, updated_at = %s WHERE order_id = %s
[2024-01-31T14:01:43.606+0000] {logging_mixin.py:188} INFO - Connected to MySQL database!
[2024-01-31T14:01:43.615+0000] {python.py:201} INFO - Done. Returned value was: None
[2024-01-31T14:01:43.628+0000] {taskinstance.py:1138} INFO - Marking task as SUCCESS. dag_id=mysql_ingestor, task_id=ingestion, execution_date=20240131T140112, start_date=20240131T140113, end_date=20240131T140143
[2024-01-31T14:01:43.643+0000] {local_task_job_runner.py:234} INFO - Task exited with return code 0
[2024-01-31T14:01:43.653+0000] {taskinstance.py:3280} INFO - 0 downstream tasks scheduled from follow-on schedule check
