[2024-01-31T14:04:00.892+0000] {taskinstance.py:1956} INFO - Dependencies all met for dep_context=non-requeueable deps ti=<TaskInstance: mysql_ingestor.ingestion scheduled__2024-01-31T14:02:00+00:00 [queued]>
[2024-01-31T14:04:00.897+0000] {taskinstance.py:1956} INFO - Dependencies all met for dep_context=requeueable deps ti=<TaskInstance: mysql_ingestor.ingestion scheduled__2024-01-31T14:02:00+00:00 [queued]>
[2024-01-31T14:04:00.898+0000] {taskinstance.py:2170} INFO - Starting attempt 1 of 1
[2024-01-31T14:04:00.904+0000] {taskinstance.py:2191} INFO - Executing <Task(_PythonDecoratedOperator): ingestion> on 2024-01-31 14:02:00+00:00
[2024-01-31T14:04:00.908+0000] {standard_task_runner.py:60} INFO - Started process 645 to run task
[2024-01-31T14:04:00.910+0000] {standard_task_runner.py:87} INFO - Running: ['***', 'tasks', 'run', 'mysql_ingestor', 'ingestion', 'scheduled__2024-01-31T14:02:00+00:00', '--job-id', '144', '--raw', '--subdir', 'DAGS_FOLDER/mysql_ingestor.py', '--cfg-path', '/tmp/tmp9ids0bpt']
[2024-01-31T14:04:00.911+0000] {standard_task_runner.py:88} INFO - Job 144: Subtask ingestion
[2024-01-31T14:04:00.938+0000] {task_command.py:423} INFO - Running <TaskInstance: mysql_ingestor.ingestion scheduled__2024-01-31T14:02:00+00:00 [running]> on host eedf278c5a58
[2024-01-31T14:04:00.983+0000] {taskinstance.py:2480} INFO - Exporting env vars: AIRFLOW_CTX_DAG_OWNER='***' AIRFLOW_CTX_DAG_ID='mysql_ingestor' AIRFLOW_CTX_TASK_ID='ingestion' AIRFLOW_CTX_EXECUTION_DATE='2024-01-31T14:02:00+00:00' AIRFLOW_CTX_TRY_NUMBER='1' AIRFLOW_CTX_DAG_RUN_ID='scheduled__2024-01-31T14:02:00+00:00'
[2024-01-31T14:04:00.983+0000] {warnings.py:109} WARNING - /home/***/.local/lib/python3.8/site-packages/***/utils/context.py:207: AirflowContextDeprecationWarning: Accessing 'execution_date' from the template is deprecated and will be removed in a future version. Please use 'data_interval_start' or 'logical_date' instead.
  warnings.warn(_create_deprecation_warning(key, self._deprecation_replacements[key]))

[2024-01-31T14:04:00.996+0000] {logging_mixin.py:188} INFO - [   index  order_id  customer_id     order_status                 created_at
0      0       842            1          created 2024-02-01 01:05:00.984278
1      0       842            1  wait_to_payment 2024-02-01 01:13:00.984282
2      0       842            1            paied 2024-02-01 01:17:00.984283
3      0       842            1  wait_to_approve 2024-02-01 01:23:00.984284
4      0       842            1         approved 2024-02-01 01:31:00.984286
5      0       842            1        cancelled 2024-02-01 01:35:00.984287,    index  order_id  customer_id     order_status                 created_at
0      1       843            2          created 2024-01-31 20:08:00.984295
1      1       843            2  wait_to_payment 2024-01-31 20:12:00.984296
2      1       843            2            paied 2024-01-31 20:20:00.984297
3      1       843            2  wait_to_approve 2024-01-31 20:24:00.984298
4      1       843            2         approved 2024-01-31 20:28:00.984300
5      1       843            2        finalized 2024-01-31 20:37:00.984301]
[2024-01-31T14:04:06.006+0000] {logging_mixin.py:188} INFO - Connected to MySQL database!
[2024-01-31T14:04:06.008+0000] {logging_mixin.py:188} INFO - Failed to connect to MySQL: 1062 (23000): Duplicate entry '842' for key 'orders.PRIMARY'
[2024-01-31T14:04:06.013+0000] {logging_mixin.py:188} INFO - Connected to MySQL database!
[2024-01-31T14:04:11.056+0000] {logging_mixin.py:188} INFO - UPDATE falafel_db.orders SET order_status = %s, updated_at = %s WHERE order_id = %s
[2024-01-31T14:04:11.064+0000] {logging_mixin.py:188} INFO - Connected to MySQL database!
[2024-01-31T14:04:11.075+0000] {logging_mixin.py:188} INFO - UPDATE falafel_db.orders SET order_status = %s, updated_at = %s WHERE order_id = %s
[2024-01-31T14:04:11.081+0000] {logging_mixin.py:188} INFO - Connected to MySQL database!
[2024-01-31T14:04:16.095+0000] {logging_mixin.py:188} INFO - UPDATE falafel_db.orders SET order_status = %s, updated_at = %s WHERE order_id = %s
[2024-01-31T14:04:16.101+0000] {logging_mixin.py:188} INFO - Connected to MySQL database!
[2024-01-31T14:04:16.111+0000] {logging_mixin.py:188} INFO - UPDATE falafel_db.orders SET order_status = %s, updated_at = %s WHERE order_id = %s
[2024-01-31T14:04:16.116+0000] {logging_mixin.py:188} INFO - Connected to MySQL database!
[2024-01-31T14:04:21.129+0000] {logging_mixin.py:188} INFO - UPDATE falafel_db.orders SET order_status = %s, updated_at = %s WHERE order_id = %s
[2024-01-31T14:04:21.135+0000] {logging_mixin.py:188} INFO - Connected to MySQL database!
[2024-01-31T14:04:21.146+0000] {logging_mixin.py:188} INFO - UPDATE falafel_db.orders SET order_status = %s, updated_at = %s WHERE order_id = %s
[2024-01-31T14:04:21.151+0000] {logging_mixin.py:188} INFO - Connected to MySQL database!
[2024-01-31T14:04:26.165+0000] {logging_mixin.py:188} INFO - UPDATE falafel_db.orders SET order_status = %s, updated_at = %s WHERE order_id = %s
[2024-01-31T14:04:26.171+0000] {logging_mixin.py:188} INFO - Connected to MySQL database!
[2024-01-31T14:04:26.180+0000] {logging_mixin.py:188} INFO - UPDATE falafel_db.orders SET order_status = %s, updated_at = %s WHERE order_id = %s
[2024-01-31T14:04:26.185+0000] {logging_mixin.py:188} INFO - Connected to MySQL database!
[2024-01-31T14:04:31.201+0000] {logging_mixin.py:188} INFO - UPDATE falafel_db.orders SET order_status = %s, updated_at = %s WHERE order_id = %s
[2024-01-31T14:04:31.208+0000] {logging_mixin.py:188} INFO - Connected to MySQL database!
[2024-01-31T14:04:31.222+0000] {logging_mixin.py:188} INFO - UPDATE falafel_db.orders SET order_status = %s, updated_at = %s WHERE order_id = %s
[2024-01-31T14:04:31.230+0000] {logging_mixin.py:188} INFO - Connected to MySQL database!
[2024-01-31T14:04:31.238+0000] {python.py:201} INFO - Done. Returned value was: None
[2024-01-31T14:04:31.250+0000] {taskinstance.py:1138} INFO - Marking task as SUCCESS. dag_id=mysql_ingestor, task_id=ingestion, execution_date=20240131T140200, start_date=20240131T140400, end_date=20240131T140431
[2024-01-31T14:04:31.265+0000] {local_task_job_runner.py:234} INFO - Task exited with return code 0
[2024-01-31T14:04:31.273+0000] {taskinstance.py:3280} INFO - 0 downstream tasks scheduled from follow-on schedule check
