[2024-01-31T13:52:01.143+0000] {taskinstance.py:1956} INFO - Dependencies all met for dep_context=non-requeueable deps ti=<TaskInstance: mysql_ingestor.ingestion scheduled__2024-01-31T13:50:00+00:00 [queued]>
[2024-01-31T13:52:01.147+0000] {taskinstance.py:1956} INFO - Dependencies all met for dep_context=requeueable deps ti=<TaskInstance: mysql_ingestor.ingestion scheduled__2024-01-31T13:50:00+00:00 [queued]>
[2024-01-31T13:52:01.147+0000] {taskinstance.py:2170} INFO - Starting attempt 1 of 1
[2024-01-31T13:52:01.154+0000] {taskinstance.py:2191} INFO - Executing <Task(_PythonDecoratedOperator): ingestion> on 2024-01-31 13:50:00+00:00
[2024-01-31T13:52:01.158+0000] {standard_task_runner.py:60} INFO - Started process 440 to run task
[2024-01-31T13:52:01.160+0000] {standard_task_runner.py:87} INFO - Running: ['***', 'tasks', 'run', 'mysql_ingestor', 'ingestion', 'scheduled__2024-01-31T13:50:00+00:00', '--job-id', '137', '--raw', '--subdir', 'DAGS_FOLDER/mysql_ingestor.py', '--cfg-path', '/tmp/tmpkhqinl19']
[2024-01-31T13:52:01.162+0000] {standard_task_runner.py:88} INFO - Job 137: Subtask ingestion
[2024-01-31T13:52:01.190+0000] {task_command.py:423} INFO - Running <TaskInstance: mysql_ingestor.ingestion scheduled__2024-01-31T13:50:00+00:00 [running]> on host eedf278c5a58
[2024-01-31T13:52:01.236+0000] {taskinstance.py:2480} INFO - Exporting env vars: AIRFLOW_CTX_DAG_OWNER='***' AIRFLOW_CTX_DAG_ID='mysql_ingestor' AIRFLOW_CTX_TASK_ID='ingestion' AIRFLOW_CTX_EXECUTION_DATE='2024-01-31T13:50:00+00:00' AIRFLOW_CTX_TRY_NUMBER='1' AIRFLOW_CTX_DAG_RUN_ID='scheduled__2024-01-31T13:50:00+00:00'
[2024-01-31T13:52:01.237+0000] {warnings.py:109} WARNING - /home/***/.local/lib/python3.8/site-packages/***/utils/context.py:207: AirflowContextDeprecationWarning: Accessing 'execution_date' from the template is deprecated and will be removed in a future version. Please use 'data_interval_start' or 'logical_date' instead.
  warnings.warn(_create_deprecation_warning(key, self._deprecation_replacements[key]))

[2024-01-31T13:52:01.249+0000] {logging_mixin.py:188} INFO - [   index  order_id  customer_id     order_status                 created_at
0      0       830            2          created 2024-01-31 18:52:01.237773
1      0       830            2  wait_to_payment 2024-01-31 19:03:01.237777
2      0       830            2            paied 2024-01-31 19:05:01.237778
3      0       830            2  wait_to_approve 2024-01-31 19:11:01.237779
4      0       830            2         rejected 2024-01-31 19:17:01.237781,    index  order_id  customer_id       order_status                 created_at
0      1       831            1            created 2024-01-31 14:56:01.237789
1      1       831            1    wait_to_payment 2024-01-31 15:02:01.237790
2      1       831            1  payment_cancelled 2024-01-31 15:09:01.237791]
[2024-01-31T13:52:06.257+0000] {logging_mixin.py:188} INFO - Connected to MySQL database!
[2024-01-31T13:52:06.268+0000] {logging_mixin.py:188} INFO - Connected to MySQL database!
[2024-01-31T13:52:11.280+0000] {logging_mixin.py:188} INFO - UPDATE falafel_db.orders SET order_status = %s, updated_at = %s WHERE order_id = %s
[2024-01-31T13:52:11.286+0000] {logging_mixin.py:188} INFO - Connected to MySQL database!
[2024-01-31T13:52:11.296+0000] {logging_mixin.py:188} INFO - UPDATE falafel_db.orders SET order_status = %s, updated_at = %s WHERE order_id = %s
[2024-01-31T13:52:11.301+0000] {logging_mixin.py:188} INFO - Connected to MySQL database!
[2024-01-31T13:52:16.321+0000] {logging_mixin.py:188} INFO - UPDATE falafel_db.orders SET order_status = %s, updated_at = %s WHERE order_id = %s
[2024-01-31T13:52:16.330+0000] {logging_mixin.py:188} INFO - Connected to MySQL database!
[2024-01-31T13:52:16.340+0000] {logging_mixin.py:188} INFO - UPDATE falafel_db.orders SET order_status = %s, updated_at = %s WHERE order_id = %s
[2024-01-31T13:52:16.344+0000] {logging_mixin.py:188} INFO - Connected to MySQL database!
[2024-01-31T13:52:21.360+0000] {logging_mixin.py:188} INFO - UPDATE falafel_db.orders SET order_status = %s, updated_at = %s WHERE order_id = %s
[2024-01-31T13:52:21.366+0000] {logging_mixin.py:188} INFO - Connected to MySQL database!
[2024-01-31T13:52:26.384+0000] {logging_mixin.py:188} INFO - UPDATE falafel_db.orders SET order_status = %s, updated_at = %s WHERE order_id = %s
[2024-01-31T13:52:26.386+0000] {logging_mixin.py:188} INFO - Connected to MySQL database!
[2024-01-31T13:52:31.398+0000] {python.py:201} INFO - Done. Returned value was: None
[2024-01-31T13:52:31.404+0000] {taskinstance.py:1138} INFO - Marking task as SUCCESS. dag_id=mysql_ingestor, task_id=ingestion, execution_date=20240131T135000, start_date=20240131T135201, end_date=20240131T135231
[2024-01-31T13:52:31.422+0000] {local_task_job_runner.py:234} INFO - Task exited with return code 0
[2024-01-31T13:52:31.430+0000] {taskinstance.py:3280} INFO - 0 downstream tasks scheduled from follow-on schedule check
