[2024-01-31T13:56:00.656+0000] {taskinstance.py:1956} INFO - Dependencies all met for dep_context=non-requeueable deps ti=<TaskInstance: mysql_ingestor.ingestion scheduled__2024-01-31T13:54:00+00:00 [queued]>
[2024-01-31T13:56:00.660+0000] {taskinstance.py:1956} INFO - Dependencies all met for dep_context=requeueable deps ti=<TaskInstance: mysql_ingestor.ingestion scheduled__2024-01-31T13:54:00+00:00 [queued]>
[2024-01-31T13:56:00.660+0000] {taskinstance.py:2170} INFO - Starting attempt 1 of 1
[2024-01-31T13:56:00.667+0000] {taskinstance.py:2191} INFO - Executing <Task(_PythonDecoratedOperator): ingestion> on 2024-01-31 13:54:00+00:00
[2024-01-31T13:56:00.671+0000] {standard_task_runner.py:60} INFO - Started process 502 to run task
[2024-01-31T13:56:00.672+0000] {standard_task_runner.py:87} INFO - Running: ['***', 'tasks', 'run', 'mysql_ingestor', 'ingestion', 'scheduled__2024-01-31T13:54:00+00:00', '--job-id', '139', '--raw', '--subdir', 'DAGS_FOLDER/mysql_ingestor.py', '--cfg-path', '/tmp/tmp36hmlyov']
[2024-01-31T13:56:00.673+0000] {standard_task_runner.py:88} INFO - Job 139: Subtask ingestion
[2024-01-31T13:56:00.700+0000] {task_command.py:423} INFO - Running <TaskInstance: mysql_ingestor.ingestion scheduled__2024-01-31T13:54:00+00:00 [running]> on host eedf278c5a58
[2024-01-31T13:56:00.746+0000] {taskinstance.py:2480} INFO - Exporting env vars: AIRFLOW_CTX_DAG_OWNER='***' AIRFLOW_CTX_DAG_ID='mysql_ingestor' AIRFLOW_CTX_TASK_ID='ingestion' AIRFLOW_CTX_EXECUTION_DATE='2024-01-31T13:54:00+00:00' AIRFLOW_CTX_TRY_NUMBER='1' AIRFLOW_CTX_DAG_RUN_ID='scheduled__2024-01-31T13:54:00+00:00'
[2024-01-31T13:56:00.747+0000] {warnings.py:109} WARNING - /home/***/.local/lib/python3.8/site-packages/***/utils/context.py:207: AirflowContextDeprecationWarning: Accessing 'execution_date' from the template is deprecated and will be removed in a future version. Please use 'data_interval_start' or 'logical_date' instead.
  warnings.warn(_create_deprecation_warning(key, self._deprecation_replacements[key]))

[2024-01-31T13:56:00.762+0000] {logging_mixin.py:188} INFO - [   index  order_id  customer_id       order_status                 created_at
0      0       834            1            created 2024-01-31 18:57:00.748125
1      0       834            1    wait_to_payment 2024-01-31 19:03:00.748133
2      0       834            1  payment_cancelled 2024-01-31 19:10:00.748137,    index  order_id  customer_id     order_status                 created_at
0      1       835            2          created 2024-01-31 21:58:00.748158
1      1       835            2  wait_to_payment 2024-01-31 22:03:00.748162
2      1       835            2            paied 2024-01-31 22:11:00.748165
3      1       835            2  wait_to_approve 2024-01-31 22:17:00.748168
4      1       835            2         approved 2024-01-31 22:21:00.748171]
[2024-01-31T13:56:05.777+0000] {logging_mixin.py:188} INFO - Connected to MySQL database!
[2024-01-31T13:56:05.789+0000] {logging_mixin.py:188} INFO - Connected to MySQL database!
[2024-01-31T13:56:10.800+0000] {logging_mixin.py:188} INFO - UPDATE falafel_db.orders SET order_status = %s, updated_at = %s WHERE order_id = %s
[2024-01-31T13:56:10.803+0000] {logging_mixin.py:188} INFO - Connected to MySQL database!
[2024-01-31T13:56:10.810+0000] {logging_mixin.py:188} INFO - UPDATE falafel_db.orders SET order_status = %s, updated_at = %s WHERE order_id = %s
[2024-01-31T13:56:10.814+0000] {logging_mixin.py:188} INFO - Connected to MySQL database!
[2024-01-31T13:56:15.828+0000] {logging_mixin.py:188} INFO - UPDATE falafel_db.orders SET order_status = %s, updated_at = %s WHERE order_id = %s
[2024-01-31T13:56:15.832+0000] {logging_mixin.py:188} INFO - Connected to MySQL database!
[2024-01-31T13:56:15.840+0000] {logging_mixin.py:188} INFO - UPDATE falafel_db.orders SET order_status = %s, updated_at = %s WHERE order_id = %s
[2024-01-31T13:56:15.844+0000] {logging_mixin.py:188} INFO - Connected to MySQL database!
[2024-01-31T13:56:20.856+0000] {logging_mixin.py:188} INFO - UPDATE falafel_db.orders SET order_status = %s, updated_at = %s WHERE order_id = %s
[2024-01-31T13:56:20.862+0000] {logging_mixin.py:188} INFO - Connected to MySQL database!
[2024-01-31T13:56:25.876+0000] {logging_mixin.py:188} INFO - UPDATE falafel_db.orders SET order_status = %s, updated_at = %s WHERE order_id = %s
[2024-01-31T13:56:25.884+0000] {logging_mixin.py:188} INFO - Connected to MySQL database!
[2024-01-31T13:56:30.897+0000] {python.py:201} INFO - Done. Returned value was: None
[2024-01-31T13:56:30.905+0000] {taskinstance.py:1138} INFO - Marking task as SUCCESS. dag_id=mysql_ingestor, task_id=ingestion, execution_date=20240131T135400, start_date=20240131T135600, end_date=20240131T135630
[2024-01-31T13:56:30.949+0000] {local_task_job_runner.py:234} INFO - Task exited with return code 0
[2024-01-31T13:56:30.965+0000] {taskinstance.py:3280} INFO - 0 downstream tasks scheduled from follow-on schedule check
