[2024-01-31T14:12:01.024+0000] {taskinstance.py:1956} INFO - Dependencies all met for dep_context=non-requeueable deps ti=<TaskInstance: mysql_ingestor.ingestion scheduled__2024-01-31T14:10:00+00:00 [queued]>
[2024-01-31T14:12:01.028+0000] {taskinstance.py:1956} INFO - Dependencies all met for dep_context=requeueable deps ti=<TaskInstance: mysql_ingestor.ingestion scheduled__2024-01-31T14:10:00+00:00 [queued]>
[2024-01-31T14:12:01.028+0000] {taskinstance.py:2170} INFO - Starting attempt 1 of 1
[2024-01-31T14:12:01.035+0000] {taskinstance.py:2191} INFO - Executing <Task(_PythonDecoratedOperator): ingestion> on 2024-01-31 14:10:00+00:00
[2024-01-31T14:12:01.040+0000] {standard_task_runner.py:60} INFO - Started process 785 to run task
[2024-01-31T14:12:01.041+0000] {standard_task_runner.py:87} INFO - Running: ['***', 'tasks', 'run', 'mysql_ingestor', 'ingestion', 'scheduled__2024-01-31T14:10:00+00:00', '--job-id', '148', '--raw', '--subdir', 'DAGS_FOLDER/mysql_ingestor.py', '--cfg-path', '/tmp/tmpem95fudj']
[2024-01-31T14:12:01.042+0000] {standard_task_runner.py:88} INFO - Job 148: Subtask ingestion
[2024-01-31T14:12:01.069+0000] {task_command.py:423} INFO - Running <TaskInstance: mysql_ingestor.ingestion scheduled__2024-01-31T14:10:00+00:00 [running]> on host eedf278c5a58
[2024-01-31T14:12:01.112+0000] {taskinstance.py:2480} INFO - Exporting env vars: AIRFLOW_CTX_DAG_OWNER='***' AIRFLOW_CTX_DAG_ID='mysql_ingestor' AIRFLOW_CTX_TASK_ID='ingestion' AIRFLOW_CTX_EXECUTION_DATE='2024-01-31T14:10:00+00:00' AIRFLOW_CTX_TRY_NUMBER='1' AIRFLOW_CTX_DAG_RUN_ID='scheduled__2024-01-31T14:10:00+00:00'
[2024-01-31T14:12:01.112+0000] {warnings.py:109} WARNING - /home/***/.local/lib/python3.8/site-packages/***/utils/context.py:207: AirflowContextDeprecationWarning: Accessing 'execution_date' from the template is deprecated and will be removed in a future version. Please use 'data_interval_start' or 'logical_date' instead.
  warnings.warn(_create_deprecation_warning(key, self._deprecation_replacements[key]))

[2024-01-31T14:12:01.124+0000] {logging_mixin.py:188} INFO - [   index  order_id  customer_id       order_status                 created_at
0      0       850            1            created 2024-01-31 17:15:01.113110
1      0       850            1    wait_to_payment 2024-01-31 17:18:01.113114
2      0       850            1  payment_cancelled 2024-01-31 17:27:01.113115,    index  order_id  customer_id     order_status                 created_at
0      1       851            1          created 2024-02-01 02:14:01.113125
1      1       851            1  wait_to_payment 2024-02-01 02:21:01.113126
2      1       851            1            paied 2024-02-01 02:25:01.113127
3      1       851            1  wait_to_approve 2024-02-01 02:33:01.113128
4      1       851            1         approved 2024-02-01 02:38:01.113129
5      1       851            1        finalized 2024-02-01 02:43:01.113131]
[2024-01-31T14:12:06.141+0000] {logging_mixin.py:188} INFO - Connected to MySQL database!
[2024-01-31T14:12:06.154+0000] {logging_mixin.py:188} INFO - Connected to MySQL database!
[2024-01-31T14:12:11.168+0000] {logging_mixin.py:188} INFO - UPDATE falafel_db.orders SET order_status = %s, updated_at = %s WHERE order_id = %s
[2024-01-31T14:12:11.173+0000] {logging_mixin.py:188} INFO - Connected to MySQL database!
[2024-01-31T14:12:11.181+0000] {logging_mixin.py:188} INFO - UPDATE falafel_db.orders SET order_status = %s, updated_at = %s WHERE order_id = %s
[2024-01-31T14:12:11.184+0000] {logging_mixin.py:188} INFO - Connected to MySQL database!
[2024-01-31T14:12:16.195+0000] {logging_mixin.py:188} INFO - UPDATE falafel_db.orders SET order_status = %s, updated_at = %s WHERE order_id = %s
[2024-01-31T14:12:16.198+0000] {logging_mixin.py:188} INFO - Connected to MySQL database!
[2024-01-31T14:12:16.207+0000] {logging_mixin.py:188} INFO - UPDATE falafel_db.orders SET order_status = %s, updated_at = %s WHERE order_id = %s
[2024-01-31T14:12:16.209+0000] {logging_mixin.py:188} INFO - Connected to MySQL database!
[2024-01-31T14:12:21.219+0000] {logging_mixin.py:188} INFO - UPDATE falafel_db.orders SET order_status = %s, updated_at = %s WHERE order_id = %s
[2024-01-31T14:12:21.223+0000] {logging_mixin.py:188} INFO - Connected to MySQL database!
[2024-01-31T14:12:26.235+0000] {logging_mixin.py:188} INFO - UPDATE falafel_db.orders SET order_status = %s, updated_at = %s WHERE order_id = %s
[2024-01-31T14:12:26.239+0000] {logging_mixin.py:188} INFO - Connected to MySQL database!
[2024-01-31T14:12:31.256+0000] {logging_mixin.py:188} INFO - UPDATE falafel_db.orders SET order_status = %s, updated_at = %s WHERE order_id = %s
[2024-01-31T14:12:31.265+0000] {logging_mixin.py:188} INFO - Connected to MySQL database!
[2024-01-31T14:12:31.274+0000] {python.py:201} INFO - Done. Returned value was: None
[2024-01-31T14:12:31.284+0000] {taskinstance.py:1138} INFO - Marking task as SUCCESS. dag_id=mysql_ingestor, task_id=ingestion, execution_date=20240131T141000, start_date=20240131T141201, end_date=20240131T141231
[2024-01-31T14:12:31.326+0000] {local_task_job_runner.py:234} INFO - Task exited with return code 0
[2024-01-31T14:12:31.335+0000] {taskinstance.py:3280} INFO - 0 downstream tasks scheduled from follow-on schedule check
