[2024-01-31T13:42:00.901+0000] {taskinstance.py:1956} INFO - Dependencies all met for dep_context=non-requeueable deps ti=<TaskInstance: mysql_ingestor.ingestion scheduled__2024-01-31T13:40:00+00:00 [queued]>
[2024-01-31T13:42:00.905+0000] {taskinstance.py:1956} INFO - Dependencies all met for dep_context=requeueable deps ti=<TaskInstance: mysql_ingestor.ingestion scheduled__2024-01-31T13:40:00+00:00 [queued]>
[2024-01-31T13:42:00.905+0000] {taskinstance.py:2170} INFO - Starting attempt 1 of 1
[2024-01-31T13:42:00.911+0000] {taskinstance.py:2191} INFO - Executing <Task(_PythonDecoratedOperator): ingestion> on 2024-01-31 13:40:00+00:00
[2024-01-31T13:42:00.915+0000] {standard_task_runner.py:60} INFO - Started process 265 to run task
[2024-01-31T13:42:00.917+0000] {standard_task_runner.py:87} INFO - Running: ['***', 'tasks', 'run', 'mysql_ingestor', 'ingestion', 'scheduled__2024-01-31T13:40:00+00:00', '--job-id', '132', '--raw', '--subdir', 'DAGS_FOLDER/mysql_ingestor.py', '--cfg-path', '/tmp/tmpsseeginq']
[2024-01-31T13:42:00.918+0000] {standard_task_runner.py:88} INFO - Job 132: Subtask ingestion
[2024-01-31T13:42:00.943+0000] {task_command.py:423} INFO - Running <TaskInstance: mysql_ingestor.ingestion scheduled__2024-01-31T13:40:00+00:00 [running]> on host eedf278c5a58
[2024-01-31T13:42:00.985+0000] {taskinstance.py:2480} INFO - Exporting env vars: AIRFLOW_CTX_DAG_OWNER='***' AIRFLOW_CTX_DAG_ID='mysql_ingestor' AIRFLOW_CTX_TASK_ID='ingestion' AIRFLOW_CTX_EXECUTION_DATE='2024-01-31T13:40:00+00:00' AIRFLOW_CTX_TRY_NUMBER='1' AIRFLOW_CTX_DAG_RUN_ID='scheduled__2024-01-31T13:40:00+00:00'
[2024-01-31T13:42:00.986+0000] {warnings.py:109} WARNING - /home/***/.local/lib/python3.8/site-packages/***/utils/context.py:207: AirflowContextDeprecationWarning: Accessing 'execution_date' from the template is deprecated and will be removed in a future version. Please use 'data_interval_start' or 'logical_date' instead.
  warnings.warn(_create_deprecation_warning(key, self._deprecation_replacements[key]))

[2024-01-31T13:42:00.997+0000] {logging_mixin.py:188} INFO - [   index  order_id  customer_id     order_status                 created_at
0      0       820            2          created 2024-01-31 18:44:00.986696
1      0       820            2  wait_to_payment 2024-01-31 18:52:00.986700
2      0       820            2            paied 2024-01-31 18:56:00.986701
3      0       820            2  wait_to_approve 2024-01-31 19:02:00.986703
4      0       820            2         approved 2024-01-31 19:09:00.986704,    index  order_id  customer_id     order_status                 created_at
0      1       821            1          created 2024-02-01 00:43:00.986712
1      1       821            1  wait_to_payment 2024-02-01 00:50:00.986714
2      1       821            1            paied 2024-02-01 00:54:00.986715
3      1       821            1  wait_to_approve 2024-02-01 01:00:00.986716
4      1       821            1         approved 2024-02-01 01:08:00.986717]
[2024-01-31T13:42:06.013+0000] {logging_mixin.py:188} INFO - Connected to MySQL database!
[2024-01-31T13:42:06.034+0000] {logging_mixin.py:188} INFO - Connected to MySQL database!
[2024-01-31T13:42:11.048+0000] {logging_mixin.py:188} INFO - UPDATE falafel_db.orders SET order_status = %s, updated_at = %s WHERE order_id = %s
[2024-01-31T13:42:11.054+0000] {logging_mixin.py:188} INFO - Connected to MySQL database!
[2024-01-31T13:42:11.065+0000] {logging_mixin.py:188} INFO - UPDATE falafel_db.orders SET order_status = %s, updated_at = %s WHERE order_id = %s
[2024-01-31T13:42:11.071+0000] {logging_mixin.py:188} INFO - Connected to MySQL database!
[2024-01-31T13:42:16.085+0000] {logging_mixin.py:188} INFO - UPDATE falafel_db.orders SET order_status = %s, updated_at = %s WHERE order_id = %s
[2024-01-31T13:42:16.091+0000] {logging_mixin.py:188} INFO - Connected to MySQL database!
[2024-01-31T13:42:16.098+0000] {logging_mixin.py:188} INFO - UPDATE falafel_db.orders SET order_status = %s, updated_at = %s WHERE order_id = %s
[2024-01-31T13:42:16.101+0000] {logging_mixin.py:188} INFO - Connected to MySQL database!
[2024-01-31T13:42:21.114+0000] {logging_mixin.py:188} INFO - UPDATE falafel_db.orders SET order_status = %s, updated_at = %s WHERE order_id = %s
[2024-01-31T13:42:21.123+0000] {logging_mixin.py:188} INFO - Connected to MySQL database!
[2024-01-31T13:42:21.133+0000] {logging_mixin.py:188} INFO - UPDATE falafel_db.orders SET order_status = %s, updated_at = %s WHERE order_id = %s
[2024-01-31T13:42:21.136+0000] {logging_mixin.py:188} INFO - Connected to MySQL database!
[2024-01-31T13:42:26.149+0000] {logging_mixin.py:188} INFO - UPDATE falafel_db.orders SET order_status = %s, updated_at = %s WHERE order_id = %s
[2024-01-31T13:42:26.157+0000] {logging_mixin.py:188} INFO - Connected to MySQL database!
[2024-01-31T13:42:26.166+0000] {logging_mixin.py:188} INFO - UPDATE falafel_db.orders SET order_status = %s, updated_at = %s WHERE order_id = %s
[2024-01-31T13:42:26.171+0000] {logging_mixin.py:188} INFO - Connected to MySQL database!
[2024-01-31T13:42:31.178+0000] {python.py:201} INFO - Done. Returned value was: None
[2024-01-31T13:42:31.189+0000] {taskinstance.py:1138} INFO - Marking task as SUCCESS. dag_id=mysql_ingestor, task_id=ingestion, execution_date=20240131T134000, start_date=20240131T134200, end_date=20240131T134231
[2024-01-31T13:42:31.230+0000] {local_task_job_runner.py:234} INFO - Task exited with return code 0
[2024-01-31T13:42:31.249+0000] {taskinstance.py:3280} INFO - 0 downstream tasks scheduled from follow-on schedule check
