[2024-01-31T14:10:00.838+0000] {taskinstance.py:1956} INFO - Dependencies all met for dep_context=non-requeueable deps ti=<TaskInstance: mysql_ingestor.ingestion scheduled__2024-01-31T14:08:00+00:00 [queued]>
[2024-01-31T14:10:00.843+0000] {taskinstance.py:1956} INFO - Dependencies all met for dep_context=requeueable deps ti=<TaskInstance: mysql_ingestor.ingestion scheduled__2024-01-31T14:08:00+00:00 [queued]>
[2024-01-31T14:10:00.843+0000] {taskinstance.py:2170} INFO - Starting attempt 1 of 1
[2024-01-31T14:10:00.850+0000] {taskinstance.py:2191} INFO - Executing <Task(_PythonDecoratedOperator): ingestion> on 2024-01-31 14:08:00+00:00
[2024-01-31T14:10:00.853+0000] {standard_task_runner.py:60} INFO - Started process 750 to run task
[2024-01-31T14:10:00.855+0000] {standard_task_runner.py:87} INFO - Running: ['***', 'tasks', 'run', 'mysql_ingestor', 'ingestion', 'scheduled__2024-01-31T14:08:00+00:00', '--job-id', '147', '--raw', '--subdir', 'DAGS_FOLDER/mysql_ingestor.py', '--cfg-path', '/tmp/tmp6549b0p4']
[2024-01-31T14:10:00.856+0000] {standard_task_runner.py:88} INFO - Job 147: Subtask ingestion
[2024-01-31T14:10:00.882+0000] {task_command.py:423} INFO - Running <TaskInstance: mysql_ingestor.ingestion scheduled__2024-01-31T14:08:00+00:00 [running]> on host eedf278c5a58
[2024-01-31T14:10:00.925+0000] {taskinstance.py:2480} INFO - Exporting env vars: AIRFLOW_CTX_DAG_OWNER='***' AIRFLOW_CTX_DAG_ID='mysql_ingestor' AIRFLOW_CTX_TASK_ID='ingestion' AIRFLOW_CTX_EXECUTION_DATE='2024-01-31T14:08:00+00:00' AIRFLOW_CTX_TRY_NUMBER='1' AIRFLOW_CTX_DAG_RUN_ID='scheduled__2024-01-31T14:08:00+00:00'
[2024-01-31T14:10:00.926+0000] {warnings.py:109} WARNING - /home/***/.local/lib/python3.8/site-packages/***/utils/context.py:207: AirflowContextDeprecationWarning: Accessing 'execution_date' from the template is deprecated and will be removed in a future version. Please use 'data_interval_start' or 'logical_date' instead.
  warnings.warn(_create_deprecation_warning(key, self._deprecation_replacements[key]))

[2024-01-31T14:10:00.938+0000] {logging_mixin.py:188} INFO - [   index  order_id  customer_id     order_status                 created_at
0      0       848            1          created 2024-01-31 17:15:00.927089
1      0       848            1  wait_to_payment 2024-01-31 17:19:00.927093
2      0       848            1            paied 2024-01-31 17:27:00.927094
3      0       848            1  wait_to_approve 2024-01-31 17:32:00.927095
4      0       848            1         approved 2024-01-31 17:38:00.927096,    index  order_id  customer_id     order_status                 created_at
0      1       849            2          created 2024-01-31 15:11:00.927105
1      1       849            2  wait_to_payment 2024-01-31 15:18:00.927107
2      1       849            2            paied 2024-01-31 15:22:00.927108
3      1       849            2  wait_to_approve 2024-01-31 15:32:00.927109
4      1       849            2         approved 2024-01-31 15:34:00.927110
5      1       849            2        cancelled 2024-01-31 15:45:00.927111]
[2024-01-31T14:10:05.958+0000] {logging_mixin.py:188} INFO - Connected to MySQL database!
[2024-01-31T14:10:05.972+0000] {logging_mixin.py:188} INFO - Connected to MySQL database!
[2024-01-31T14:10:10.987+0000] {logging_mixin.py:188} INFO - UPDATE falafel_db.orders SET order_status = %s, updated_at = %s WHERE order_id = %s
[2024-01-31T14:10:10.991+0000] {logging_mixin.py:188} INFO - Connected to MySQL database!
[2024-01-31T14:10:10.998+0000] {logging_mixin.py:188} INFO - UPDATE falafel_db.orders SET order_status = %s, updated_at = %s WHERE order_id = %s
[2024-01-31T14:10:11.002+0000] {logging_mixin.py:188} INFO - Connected to MySQL database!
[2024-01-31T14:10:16.027+0000] {logging_mixin.py:188} INFO - UPDATE falafel_db.orders SET order_status = %s, updated_at = %s WHERE order_id = %s
[2024-01-31T14:10:16.032+0000] {logging_mixin.py:188} INFO - Connected to MySQL database!
[2024-01-31T14:10:16.041+0000] {logging_mixin.py:188} INFO - UPDATE falafel_db.orders SET order_status = %s, updated_at = %s WHERE order_id = %s
[2024-01-31T14:10:16.043+0000] {logging_mixin.py:188} INFO - Connected to MySQL database!
[2024-01-31T14:10:21.057+0000] {logging_mixin.py:188} INFO - UPDATE falafel_db.orders SET order_status = %s, updated_at = %s WHERE order_id = %s
[2024-01-31T14:10:21.065+0000] {logging_mixin.py:188} INFO - Connected to MySQL database!
[2024-01-31T14:10:21.077+0000] {logging_mixin.py:188} INFO - UPDATE falafel_db.orders SET order_status = %s, updated_at = %s WHERE order_id = %s
[2024-01-31T14:10:21.079+0000] {logging_mixin.py:188} INFO - Connected to MySQL database!
[2024-01-31T14:10:26.092+0000] {logging_mixin.py:188} INFO - UPDATE falafel_db.orders SET order_status = %s, updated_at = %s WHERE order_id = %s
[2024-01-31T14:10:26.100+0000] {logging_mixin.py:188} INFO - Connected to MySQL database!
[2024-01-31T14:10:26.110+0000] {logging_mixin.py:188} INFO - UPDATE falafel_db.orders SET order_status = %s, updated_at = %s WHERE order_id = %s
[2024-01-31T14:10:26.115+0000] {logging_mixin.py:188} INFO - Connected to MySQL database!
[2024-01-31T14:10:31.128+0000] {logging_mixin.py:188} INFO - UPDATE falafel_db.orders SET order_status = %s, updated_at = %s WHERE order_id = %s
[2024-01-31T14:10:31.138+0000] {logging_mixin.py:188} INFO - Connected to MySQL database!
[2024-01-31T14:10:31.148+0000] {python.py:201} INFO - Done. Returned value was: None
[2024-01-31T14:10:31.162+0000] {taskinstance.py:1138} INFO - Marking task as SUCCESS. dag_id=mysql_ingestor, task_id=ingestion, execution_date=20240131T140800, start_date=20240131T141000, end_date=20240131T141031
[2024-01-31T14:10:31.185+0000] {local_task_job_runner.py:234} INFO - Task exited with return code 0
[2024-01-31T14:10:31.195+0000] {taskinstance.py:3280} INFO - 0 downstream tasks scheduled from follow-on schedule check
