[2024-01-31T14:02:00.880+0000] {taskinstance.py:1956} INFO - Dependencies all met for dep_context=non-requeueable deps ti=<TaskInstance: mysql_ingestor.ingestion scheduled__2024-01-31T14:00:00+00:00 [queued]>
[2024-01-31T14:02:00.885+0000] {taskinstance.py:1956} INFO - Dependencies all met for dep_context=requeueable deps ti=<TaskInstance: mysql_ingestor.ingestion scheduled__2024-01-31T14:00:00+00:00 [queued]>
[2024-01-31T14:02:00.885+0000] {taskinstance.py:2170} INFO - Starting attempt 1 of 1
[2024-01-31T14:02:00.893+0000] {taskinstance.py:2191} INFO - Executing <Task(_PythonDecoratedOperator): ingestion> on 2024-01-31 14:00:00+00:00
[2024-01-31T14:02:00.897+0000] {standard_task_runner.py:60} INFO - Started process 610 to run task
[2024-01-31T14:02:00.899+0000] {standard_task_runner.py:87} INFO - Running: ['***', 'tasks', 'run', 'mysql_ingestor', 'ingestion', 'scheduled__2024-01-31T14:00:00+00:00', '--job-id', '143', '--raw', '--subdir', 'DAGS_FOLDER/mysql_ingestor.py', '--cfg-path', '/tmp/tmpin5naaff']
[2024-01-31T14:02:00.900+0000] {standard_task_runner.py:88} INFO - Job 143: Subtask ingestion
[2024-01-31T14:02:00.927+0000] {task_command.py:423} INFO - Running <TaskInstance: mysql_ingestor.ingestion scheduled__2024-01-31T14:00:00+00:00 [running]> on host eedf278c5a58
[2024-01-31T14:02:00.976+0000] {taskinstance.py:2480} INFO - Exporting env vars: AIRFLOW_CTX_DAG_OWNER='***' AIRFLOW_CTX_DAG_ID='mysql_ingestor' AIRFLOW_CTX_TASK_ID='ingestion' AIRFLOW_CTX_EXECUTION_DATE='2024-01-31T14:00:00+00:00' AIRFLOW_CTX_TRY_NUMBER='1' AIRFLOW_CTX_DAG_RUN_ID='scheduled__2024-01-31T14:00:00+00:00'
[2024-01-31T14:02:00.976+0000] {warnings.py:109} WARNING - /home/***/.local/lib/python3.8/site-packages/***/utils/context.py:207: AirflowContextDeprecationWarning: Accessing 'execution_date' from the template is deprecated and will be removed in a future version. Please use 'data_interval_start' or 'logical_date' instead.
  warnings.warn(_create_deprecation_warning(key, self._deprecation_replacements[key]))

[2024-01-31T14:02:00.989+0000] {logging_mixin.py:188} INFO - [   index  order_id  customer_id     order_status                 created_at
0      0       840            1          created 2024-01-31 17:06:00.977263
1      0       840            1  wait_to_payment 2024-01-31 17:10:00.977268
2      0       840            1            paied 2024-01-31 17:19:00.977269
3      0       840            1  wait_to_approve 2024-01-31 17:24:00.977271
4      0       840            1         approved 2024-01-31 17:29:00.977272
5      0       840            1        finalized 2024-01-31 17:35:00.977273,    index  order_id  customer_id     order_status                 created_at
0      1       841            2          created 2024-01-31 14:03:00.977282
1      1       841            2  wait_to_payment 2024-01-31 14:10:00.977284
2      1       841            2            paied 2024-01-31 14:14:00.977285
3      1       841            2  wait_to_approve 2024-01-31 14:20:00.977286
4      1       841            2         rejected 2024-01-31 14:29:00.977288]
[2024-01-31T14:02:06.002+0000] {logging_mixin.py:188} INFO - Connected to MySQL database!
[2024-01-31T14:02:06.032+0000] {logging_mixin.py:188} INFO - Connected to MySQL database!
[2024-01-31T14:02:06.033+0000] {logging_mixin.py:188} INFO - Failed to connect to MySQL: 1062 (23000): Duplicate entry '841' for key 'orders.PRIMARY'
[2024-01-31T14:02:11.040+0000] {logging_mixin.py:188} INFO - UPDATE falafel_db.orders SET order_status = %s, updated_at = %s WHERE order_id = %s
[2024-01-31T14:02:11.045+0000] {logging_mixin.py:188} INFO - Connected to MySQL database!
[2024-01-31T14:02:11.053+0000] {logging_mixin.py:188} INFO - UPDATE falafel_db.orders SET order_status = %s, updated_at = %s WHERE order_id = %s
[2024-01-31T14:02:11.056+0000] {logging_mixin.py:188} INFO - Connected to MySQL database!
[2024-01-31T14:02:16.072+0000] {logging_mixin.py:188} INFO - UPDATE falafel_db.orders SET order_status = %s, updated_at = %s WHERE order_id = %s
[2024-01-31T14:02:16.077+0000] {logging_mixin.py:188} INFO - Connected to MySQL database!
[2024-01-31T14:02:16.089+0000] {logging_mixin.py:188} INFO - UPDATE falafel_db.orders SET order_status = %s, updated_at = %s WHERE order_id = %s
[2024-01-31T14:02:16.096+0000] {logging_mixin.py:188} INFO - Connected to MySQL database!
[2024-01-31T14:02:21.112+0000] {logging_mixin.py:188} INFO - UPDATE falafel_db.orders SET order_status = %s, updated_at = %s WHERE order_id = %s
[2024-01-31T14:02:21.117+0000] {logging_mixin.py:188} INFO - Connected to MySQL database!
[2024-01-31T14:02:21.127+0000] {logging_mixin.py:188} INFO - UPDATE falafel_db.orders SET order_status = %s, updated_at = %s WHERE order_id = %s
[2024-01-31T14:02:21.130+0000] {logging_mixin.py:188} INFO - Connected to MySQL database!
[2024-01-31T14:02:26.144+0000] {logging_mixin.py:188} INFO - UPDATE falafel_db.orders SET order_status = %s, updated_at = %s WHERE order_id = %s
[2024-01-31T14:02:26.149+0000] {logging_mixin.py:188} INFO - Connected to MySQL database!
[2024-01-31T14:02:26.161+0000] {logging_mixin.py:188} INFO - UPDATE falafel_db.orders SET order_status = %s, updated_at = %s WHERE order_id = %s
[2024-01-31T14:02:26.164+0000] {logging_mixin.py:188} INFO - Connected to MySQL database!
[2024-01-31T14:02:31.178+0000] {logging_mixin.py:188} INFO - UPDATE falafel_db.orders SET order_status = %s, updated_at = %s WHERE order_id = %s
[2024-01-31T14:02:31.186+0000] {logging_mixin.py:188} INFO - Connected to MySQL database!
[2024-01-31T14:02:31.195+0000] {python.py:201} INFO - Done. Returned value was: None
[2024-01-31T14:02:31.203+0000] {taskinstance.py:1138} INFO - Marking task as SUCCESS. dag_id=mysql_ingestor, task_id=ingestion, execution_date=20240131T140000, start_date=20240131T140200, end_date=20240131T140231
[2024-01-31T14:02:31.223+0000] {local_task_job_runner.py:234} INFO - Task exited with return code 0
[2024-01-31T14:02:31.231+0000] {taskinstance.py:3280} INFO - 0 downstream tasks scheduled from follow-on schedule check
