[2024-01-31T13:44:01.371+0000] {taskinstance.py:1956} INFO - Dependencies all met for dep_context=non-requeueable deps ti=<TaskInstance: mysql_ingestor.ingestion scheduled__2024-01-31T13:42:00+00:00 [queued]>
[2024-01-31T13:44:01.375+0000] {taskinstance.py:1956} INFO - Dependencies all met for dep_context=requeueable deps ti=<TaskInstance: mysql_ingestor.ingestion scheduled__2024-01-31T13:42:00+00:00 [queued]>
[2024-01-31T13:44:01.376+0000] {taskinstance.py:2170} INFO - Starting attempt 1 of 1
[2024-01-31T13:44:01.382+0000] {taskinstance.py:2191} INFO - Executing <Task(_PythonDecoratedOperator): ingestion> on 2024-01-31 13:42:00+00:00
[2024-01-31T13:44:01.387+0000] {standard_task_runner.py:60} INFO - Started process 300 to run task
[2024-01-31T13:44:01.388+0000] {standard_task_runner.py:87} INFO - Running: ['***', 'tasks', 'run', 'mysql_ingestor', 'ingestion', 'scheduled__2024-01-31T13:42:00+00:00', '--job-id', '133', '--raw', '--subdir', 'DAGS_FOLDER/mysql_ingestor.py', '--cfg-path', '/tmp/tmp6i0ita68']
[2024-01-31T13:44:01.389+0000] {standard_task_runner.py:88} INFO - Job 133: Subtask ingestion
[2024-01-31T13:44:01.417+0000] {task_command.py:423} INFO - Running <TaskInstance: mysql_ingestor.ingestion scheduled__2024-01-31T13:42:00+00:00 [running]> on host eedf278c5a58
[2024-01-31T13:44:01.462+0000] {taskinstance.py:2480} INFO - Exporting env vars: AIRFLOW_CTX_DAG_OWNER='***' AIRFLOW_CTX_DAG_ID='mysql_ingestor' AIRFLOW_CTX_TASK_ID='ingestion' AIRFLOW_CTX_EXECUTION_DATE='2024-01-31T13:42:00+00:00' AIRFLOW_CTX_TRY_NUMBER='1' AIRFLOW_CTX_DAG_RUN_ID='scheduled__2024-01-31T13:42:00+00:00'
[2024-01-31T13:44:01.463+0000] {warnings.py:109} WARNING - /home/***/.local/lib/python3.8/site-packages/***/utils/context.py:207: AirflowContextDeprecationWarning: Accessing 'execution_date' from the template is deprecated and will be removed in a future version. Please use 'data_interval_start' or 'logical_date' instead.
  warnings.warn(_create_deprecation_warning(key, self._deprecation_replacements[key]))

[2024-01-31T13:44:01.475+0000] {logging_mixin.py:188} INFO - [   index  order_id  customer_id     order_status                 created_at
0      0       822            2          created 2024-01-31 23:46:01.464083
1      0       822            2  wait_to_payment 2024-01-31 23:54:01.464087
2      0       822            2            paied 2024-01-31 23:59:01.464088
3      0       822            2  wait_to_approve 2024-02-01 00:06:01.464090
4      0       822            2         rejected 2024-02-01 00:08:01.464091,    index  order_id  customer_id     order_status                 created_at
0      1       823            2          created 2024-01-31 14:48:01.464099
1      1       823            2  wait_to_payment 2024-01-31 14:55:01.464100
2      1       823            2            paied 2024-01-31 15:00:01.464102
3      1       823            2  wait_to_approve 2024-01-31 15:05:01.464103
4      1       823            2         rejected 2024-01-31 15:08:01.464104]
[2024-01-31T13:44:06.486+0000] {logging_mixin.py:188} INFO - Connected to MySQL database!
[2024-01-31T13:44:06.497+0000] {logging_mixin.py:188} INFO - Connected to MySQL database!
[2024-01-31T13:44:11.512+0000] {logging_mixin.py:188} INFO - UPDATE falafel_db.orders SET order_status = %s, updated_at = %s WHERE order_id = %s
[2024-01-31T13:44:11.518+0000] {logging_mixin.py:188} INFO - Connected to MySQL database!
[2024-01-31T13:44:11.526+0000] {logging_mixin.py:188} INFO - UPDATE falafel_db.orders SET order_status = %s, updated_at = %s WHERE order_id = %s
[2024-01-31T13:44:11.529+0000] {logging_mixin.py:188} INFO - Connected to MySQL database!
[2024-01-31T13:44:16.540+0000] {logging_mixin.py:188} INFO - UPDATE falafel_db.orders SET order_status = %s, updated_at = %s WHERE order_id = %s
[2024-01-31T13:44:16.548+0000] {logging_mixin.py:188} INFO - Connected to MySQL database!
[2024-01-31T13:44:16.560+0000] {logging_mixin.py:188} INFO - UPDATE falafel_db.orders SET order_status = %s, updated_at = %s WHERE order_id = %s
[2024-01-31T13:44:16.564+0000] {logging_mixin.py:188} INFO - Connected to MySQL database!
[2024-01-31T13:44:21.580+0000] {logging_mixin.py:188} INFO - UPDATE falafel_db.orders SET order_status = %s, updated_at = %s WHERE order_id = %s
[2024-01-31T13:44:21.586+0000] {logging_mixin.py:188} INFO - Connected to MySQL database!
[2024-01-31T13:44:21.595+0000] {logging_mixin.py:188} INFO - UPDATE falafel_db.orders SET order_status = %s, updated_at = %s WHERE order_id = %s
[2024-01-31T13:44:21.600+0000] {logging_mixin.py:188} INFO - Connected to MySQL database!
[2024-01-31T13:44:26.616+0000] {logging_mixin.py:188} INFO - UPDATE falafel_db.orders SET order_status = %s, updated_at = %s WHERE order_id = %s
[2024-01-31T13:44:26.623+0000] {logging_mixin.py:188} INFO - Connected to MySQL database!
[2024-01-31T13:44:26.633+0000] {logging_mixin.py:188} INFO - UPDATE falafel_db.orders SET order_status = %s, updated_at = %s WHERE order_id = %s
[2024-01-31T13:44:26.637+0000] {logging_mixin.py:188} INFO - Connected to MySQL database!
[2024-01-31T13:44:31.649+0000] {python.py:201} INFO - Done. Returned value was: None
[2024-01-31T13:44:31.665+0000] {taskinstance.py:1138} INFO - Marking task as SUCCESS. dag_id=mysql_ingestor, task_id=ingestion, execution_date=20240131T134200, start_date=20240131T134401, end_date=20240131T134431
[2024-01-31T13:44:31.700+0000] {local_task_job_runner.py:234} INFO - Task exited with return code 0
[2024-01-31T13:44:31.718+0000] {taskinstance.py:3280} INFO - 0 downstream tasks scheduled from follow-on schedule check
