[2024-01-31T14:00:00.654+0000] {taskinstance.py:1956} INFO - Dependencies all met for dep_context=non-requeueable deps ti=<TaskInstance: mysql_ingestor.ingestion scheduled__2024-01-31T13:58:00+00:00 [queued]>
[2024-01-31T14:00:00.658+0000] {taskinstance.py:1956} INFO - Dependencies all met for dep_context=requeueable deps ti=<TaskInstance: mysql_ingestor.ingestion scheduled__2024-01-31T13:58:00+00:00 [queued]>
[2024-01-31T14:00:00.658+0000] {taskinstance.py:2170} INFO - Starting attempt 1 of 1
[2024-01-31T14:00:00.666+0000] {taskinstance.py:2191} INFO - Executing <Task(_PythonDecoratedOperator): ingestion> on 2024-01-31 13:58:00+00:00
[2024-01-31T14:00:00.670+0000] {standard_task_runner.py:60} INFO - Started process 572 to run task
[2024-01-31T14:00:00.672+0000] {standard_task_runner.py:87} INFO - Running: ['***', 'tasks', 'run', 'mysql_ingestor', 'ingestion', 'scheduled__2024-01-31T13:58:00+00:00', '--job-id', '141', '--raw', '--subdir', 'DAGS_FOLDER/mysql_ingestor.py', '--cfg-path', '/tmp/tmplssanjf5']
[2024-01-31T14:00:00.673+0000] {standard_task_runner.py:88} INFO - Job 141: Subtask ingestion
[2024-01-31T14:00:00.699+0000] {task_command.py:423} INFO - Running <TaskInstance: mysql_ingestor.ingestion scheduled__2024-01-31T13:58:00+00:00 [running]> on host eedf278c5a58
[2024-01-31T14:00:00.743+0000] {taskinstance.py:2480} INFO - Exporting env vars: AIRFLOW_CTX_DAG_OWNER='***' AIRFLOW_CTX_DAG_ID='mysql_ingestor' AIRFLOW_CTX_TASK_ID='ingestion' AIRFLOW_CTX_EXECUTION_DATE='2024-01-31T13:58:00+00:00' AIRFLOW_CTX_TRY_NUMBER='1' AIRFLOW_CTX_DAG_RUN_ID='scheduled__2024-01-31T13:58:00+00:00'
[2024-01-31T14:00:00.744+0000] {warnings.py:109} WARNING - /home/***/.local/lib/python3.8/site-packages/***/utils/context.py:207: AirflowContextDeprecationWarning: Accessing 'execution_date' from the template is deprecated and will be removed in a future version. Please use 'data_interval_start' or 'logical_date' instead.
  warnings.warn(_create_deprecation_warning(key, self._deprecation_replacements[key]))

[2024-01-31T14:00:00.755+0000] {logging_mixin.py:188} INFO - [   index  order_id  customer_id     order_status                 created_at
0      0       838            1          created 2024-01-31 23:03:00.744716
1      0       838            1  wait_to_payment 2024-01-31 23:06:00.744719
2      0       838            1            paied 2024-01-31 23:14:00.744721
3      0       838            1  wait_to_approve 2024-01-31 23:23:00.744722
4      0       838            1         approved 2024-01-31 23:29:00.744724
5      0       838            1        finalized 2024-01-31 23:34:00.744725,    index  order_id  customer_id     order_status                 created_at
0      1       839            2          created 2024-01-31 19:00:00.744733
1      1       839            2  wait_to_payment 2024-01-31 19:11:00.744735
2      1       839            2            paied 2024-01-31 19:17:00.744736
3      1       839            2  wait_to_approve 2024-01-31 19:18:00.744737
4      1       839            2         approved 2024-01-31 19:25:00.744738
5      1       839            2        cancelled 2024-01-31 19:30:00.744740]
[2024-01-31T14:00:05.764+0000] {logging_mixin.py:188} INFO - Connected to MySQL database!
[2024-01-31T14:00:05.773+0000] {logging_mixin.py:188} INFO - Connected to MySQL database!
[2024-01-31T14:00:10.783+0000] {logging_mixin.py:188} INFO - UPDATE falafel_db.orders SET order_status = %s, updated_at = %s WHERE order_id = %s
[2024-01-31T14:00:10.791+0000] {logging_mixin.py:188} INFO - Connected to MySQL database!
[2024-01-31T14:00:10.800+0000] {logging_mixin.py:188} INFO - UPDATE falafel_db.orders SET order_status = %s, updated_at = %s WHERE order_id = %s
[2024-01-31T14:00:10.807+0000] {logging_mixin.py:188} INFO - Connected to MySQL database!
[2024-01-31T14:00:15.820+0000] {logging_mixin.py:188} INFO - UPDATE falafel_db.orders SET order_status = %s, updated_at = %s WHERE order_id = %s
[2024-01-31T14:00:15.825+0000] {logging_mixin.py:188} INFO - Connected to MySQL database!
[2024-01-31T14:00:15.834+0000] {logging_mixin.py:188} INFO - UPDATE falafel_db.orders SET order_status = %s, updated_at = %s WHERE order_id = %s
[2024-01-31T14:00:15.838+0000] {logging_mixin.py:188} INFO - Connected to MySQL database!
[2024-01-31T14:00:20.852+0000] {logging_mixin.py:188} INFO - UPDATE falafel_db.orders SET order_status = %s, updated_at = %s WHERE order_id = %s
[2024-01-31T14:00:20.858+0000] {logging_mixin.py:188} INFO - Connected to MySQL database!
[2024-01-31T14:00:20.866+0000] {logging_mixin.py:188} INFO - UPDATE falafel_db.orders SET order_status = %s, updated_at = %s WHERE order_id = %s
[2024-01-31T14:00:20.870+0000] {logging_mixin.py:188} INFO - Connected to MySQL database!
[2024-01-31T14:00:25.883+0000] {logging_mixin.py:188} INFO - UPDATE falafel_db.orders SET order_status = %s, updated_at = %s WHERE order_id = %s
[2024-01-31T14:00:25.886+0000] {logging_mixin.py:188} INFO - Connected to MySQL database!
[2024-01-31T14:00:25.899+0000] {logging_mixin.py:188} INFO - UPDATE falafel_db.orders SET order_status = %s, updated_at = %s WHERE order_id = %s
[2024-01-31T14:00:25.904+0000] {logging_mixin.py:188} INFO - Connected to MySQL database!
[2024-01-31T14:00:30.921+0000] {logging_mixin.py:188} INFO - UPDATE falafel_db.orders SET order_status = %s, updated_at = %s WHERE order_id = %s
[2024-01-31T14:00:30.934+0000] {logging_mixin.py:188} INFO - Connected to MySQL database!
[2024-01-31T14:00:30.946+0000] {logging_mixin.py:188} INFO - UPDATE falafel_db.orders SET order_status = %s, updated_at = %s WHERE order_id = %s
[2024-01-31T14:00:30.951+0000] {logging_mixin.py:188} INFO - Connected to MySQL database!
[2024-01-31T14:00:30.957+0000] {python.py:201} INFO - Done. Returned value was: None
[2024-01-31T14:00:30.963+0000] {taskinstance.py:1138} INFO - Marking task as SUCCESS. dag_id=mysql_ingestor, task_id=ingestion, execution_date=20240131T135800, start_date=20240131T140000, end_date=20240131T140030
[2024-01-31T14:00:30.980+0000] {local_task_job_runner.py:234} INFO - Task exited with return code 0
[2024-01-31T14:00:30.988+0000] {taskinstance.py:3280} INFO - 0 downstream tasks scheduled from follow-on schedule check
