[2024-01-31T14:08:00.845+0000] {taskinstance.py:1956} INFO - Dependencies all met for dep_context=non-requeueable deps ti=<TaskInstance: mysql_ingestor.ingestion scheduled__2024-01-31T14:06:00+00:00 [queued]>
[2024-01-31T14:08:00.849+0000] {taskinstance.py:1956} INFO - Dependencies all met for dep_context=requeueable deps ti=<TaskInstance: mysql_ingestor.ingestion scheduled__2024-01-31T14:06:00+00:00 [queued]>
[2024-01-31T14:08:00.850+0000] {taskinstance.py:2170} INFO - Starting attempt 1 of 1
[2024-01-31T14:08:00.857+0000] {taskinstance.py:2191} INFO - Executing <Task(_PythonDecoratedOperator): ingestion> on 2024-01-31 14:06:00+00:00
[2024-01-31T14:08:00.860+0000] {standard_task_runner.py:60} INFO - Started process 715 to run task
[2024-01-31T14:08:00.862+0000] {standard_task_runner.py:87} INFO - Running: ['***', 'tasks', 'run', 'mysql_ingestor', 'ingestion', 'scheduled__2024-01-31T14:06:00+00:00', '--job-id', '146', '--raw', '--subdir', 'DAGS_FOLDER/mysql_ingestor.py', '--cfg-path', '/tmp/tmpefl3_7ou']
[2024-01-31T14:08:00.863+0000] {standard_task_runner.py:88} INFO - Job 146: Subtask ingestion
[2024-01-31T14:08:00.889+0000] {task_command.py:423} INFO - Running <TaskInstance: mysql_ingestor.ingestion scheduled__2024-01-31T14:06:00+00:00 [running]> on host eedf278c5a58
[2024-01-31T14:08:00.933+0000] {taskinstance.py:2480} INFO - Exporting env vars: AIRFLOW_CTX_DAG_OWNER='***' AIRFLOW_CTX_DAG_ID='mysql_ingestor' AIRFLOW_CTX_TASK_ID='ingestion' AIRFLOW_CTX_EXECUTION_DATE='2024-01-31T14:06:00+00:00' AIRFLOW_CTX_TRY_NUMBER='1' AIRFLOW_CTX_DAG_RUN_ID='scheduled__2024-01-31T14:06:00+00:00'
[2024-01-31T14:08:00.934+0000] {warnings.py:109} WARNING - /home/***/.local/lib/python3.8/site-packages/***/utils/context.py:207: AirflowContextDeprecationWarning: Accessing 'execution_date' from the template is deprecated and will be removed in a future version. Please use 'data_interval_start' or 'logical_date' instead.
  warnings.warn(_create_deprecation_warning(key, self._deprecation_replacements[key]))

[2024-01-31T14:08:00.945+0000] {logging_mixin.py:188} INFO - [   index  order_id  customer_id     order_status                 created_at
0      0       846            2          created 2024-01-31 15:13:00.934955
1      0       846            2  wait_to_payment 2024-01-31 15:18:00.934959
2      0       846            2            paied 2024-01-31 15:23:00.934960
3      0       846            2  wait_to_approve 2024-01-31 15:28:00.934961
4      0       846            2         approved 2024-01-31 15:33:00.934962
5      0       846            2        finalized 2024-01-31 15:39:00.934964,    index  order_id  customer_id     order_status                 created_at
0      1       847            2          created 2024-01-31 21:12:00.934972
1      1       847            2  wait_to_payment 2024-01-31 21:19:00.934973
2      1       847            2            paied 2024-01-31 21:23:00.934974
3      1       847            2  wait_to_approve 2024-01-31 21:27:00.934975
4      1       847            2         approved 2024-01-31 21:35:00.934976]
[2024-01-31T14:08:05.967+0000] {logging_mixin.py:188} INFO - Connected to MySQL database!
[2024-01-31T14:08:05.986+0000] {logging_mixin.py:188} INFO - Connected to MySQL database!
[2024-01-31T14:08:11.005+0000] {logging_mixin.py:188} INFO - UPDATE falafel_db.orders SET order_status = %s, updated_at = %s WHERE order_id = %s
[2024-01-31T14:08:11.011+0000] {logging_mixin.py:188} INFO - Connected to MySQL database!
[2024-01-31T14:08:11.030+0000] {logging_mixin.py:188} INFO - UPDATE falafel_db.orders SET order_status = %s, updated_at = %s WHERE order_id = %s
[2024-01-31T14:08:11.037+0000] {logging_mixin.py:188} INFO - Connected to MySQL database!
[2024-01-31T14:08:16.051+0000] {logging_mixin.py:188} INFO - UPDATE falafel_db.orders SET order_status = %s, updated_at = %s WHERE order_id = %s
[2024-01-31T14:08:16.053+0000] {logging_mixin.py:188} INFO - Connected to MySQL database!
[2024-01-31T14:08:16.061+0000] {logging_mixin.py:188} INFO - UPDATE falafel_db.orders SET order_status = %s, updated_at = %s WHERE order_id = %s
[2024-01-31T14:08:16.065+0000] {logging_mixin.py:188} INFO - Connected to MySQL database!
[2024-01-31T14:08:21.077+0000] {logging_mixin.py:188} INFO - UPDATE falafel_db.orders SET order_status = %s, updated_at = %s WHERE order_id = %s
[2024-01-31T14:08:21.084+0000] {logging_mixin.py:188} INFO - Connected to MySQL database!
[2024-01-31T14:08:21.096+0000] {logging_mixin.py:188} INFO - UPDATE falafel_db.orders SET order_status = %s, updated_at = %s WHERE order_id = %s
[2024-01-31T14:08:21.102+0000] {logging_mixin.py:188} INFO - Connected to MySQL database!
[2024-01-31T14:08:26.117+0000] {logging_mixin.py:188} INFO - UPDATE falafel_db.orders SET order_status = %s, updated_at = %s WHERE order_id = %s
[2024-01-31T14:08:26.123+0000] {logging_mixin.py:188} INFO - Connected to MySQL database!
[2024-01-31T14:08:26.135+0000] {logging_mixin.py:188} INFO - UPDATE falafel_db.orders SET order_status = %s, updated_at = %s WHERE order_id = %s
[2024-01-31T14:08:26.141+0000] {logging_mixin.py:188} INFO - Connected to MySQL database!
[2024-01-31T14:08:31.157+0000] {logging_mixin.py:188} INFO - UPDATE falafel_db.orders SET order_status = %s, updated_at = %s WHERE order_id = %s
[2024-01-31T14:08:31.164+0000] {logging_mixin.py:188} INFO - Connected to MySQL database!
[2024-01-31T14:08:31.174+0000] {python.py:201} INFO - Done. Returned value was: None
[2024-01-31T14:08:31.185+0000] {taskinstance.py:1138} INFO - Marking task as SUCCESS. dag_id=mysql_ingestor, task_id=ingestion, execution_date=20240131T140600, start_date=20240131T140800, end_date=20240131T140831
[2024-01-31T14:08:31.208+0000] {local_task_job_runner.py:234} INFO - Task exited with return code 0
[2024-01-31T14:08:31.219+0000] {taskinstance.py:3280} INFO - 0 downstream tasks scheduled from follow-on schedule check
