[2024-01-31T13:48:01.482+0000] {taskinstance.py:1956} INFO - Dependencies all met for dep_context=non-requeueable deps ti=<TaskInstance: mysql_ingestor.ingestion scheduled__2024-01-31T13:46:00+00:00 [queued]>
[2024-01-31T13:48:01.486+0000] {taskinstance.py:1956} INFO - Dependencies all met for dep_context=requeueable deps ti=<TaskInstance: mysql_ingestor.ingestion scheduled__2024-01-31T13:46:00+00:00 [queued]>
[2024-01-31T13:48:01.487+0000] {taskinstance.py:2170} INFO - Starting attempt 1 of 1
[2024-01-31T13:48:01.494+0000] {taskinstance.py:2191} INFO - Executing <Task(_PythonDecoratedOperator): ingestion> on 2024-01-31 13:46:00+00:00
[2024-01-31T13:48:01.498+0000] {standard_task_runner.py:60} INFO - Started process 370 to run task
[2024-01-31T13:48:01.500+0000] {standard_task_runner.py:87} INFO - Running: ['***', 'tasks', 'run', 'mysql_ingestor', 'ingestion', 'scheduled__2024-01-31T13:46:00+00:00', '--job-id', '135', '--raw', '--subdir', 'DAGS_FOLDER/mysql_ingestor.py', '--cfg-path', '/tmp/tmp0vemwo2q']
[2024-01-31T13:48:01.501+0000] {standard_task_runner.py:88} INFO - Job 135: Subtask ingestion
[2024-01-31T13:48:01.527+0000] {task_command.py:423} INFO - Running <TaskInstance: mysql_ingestor.ingestion scheduled__2024-01-31T13:46:00+00:00 [running]> on host eedf278c5a58
[2024-01-31T13:48:01.570+0000] {taskinstance.py:2480} INFO - Exporting env vars: AIRFLOW_CTX_DAG_OWNER='***' AIRFLOW_CTX_DAG_ID='mysql_ingestor' AIRFLOW_CTX_TASK_ID='ingestion' AIRFLOW_CTX_EXECUTION_DATE='2024-01-31T13:46:00+00:00' AIRFLOW_CTX_TRY_NUMBER='1' AIRFLOW_CTX_DAG_RUN_ID='scheduled__2024-01-31T13:46:00+00:00'
[2024-01-31T13:48:01.571+0000] {warnings.py:109} WARNING - /home/***/.local/lib/python3.8/site-packages/***/utils/context.py:207: AirflowContextDeprecationWarning: Accessing 'execution_date' from the template is deprecated and will be removed in a future version. Please use 'data_interval_start' or 'logical_date' instead.
  warnings.warn(_create_deprecation_warning(key, self._deprecation_replacements[key]))

[2024-01-31T13:48:01.582+0000] {logging_mixin.py:188} INFO - [   index  order_id  customer_id       order_status                 created_at
0      0       826            2            created 2024-01-31 19:50:01.571351
1      0       826            2    wait_to_payment 2024-01-31 19:59:01.571355
2      0       826            2  payment_cancelled 2024-01-31 20:04:01.571356,    index  order_id  customer_id     order_status                 created_at
0      1       827            1          created 2024-01-31 22:52:01.571366
1      1       827            1  wait_to_payment 2024-01-31 22:58:01.571367
2      1       827            1            paied 2024-01-31 23:01:01.571368
3      1       827            1  wait_to_approve 2024-01-31 23:06:01.571370
4      1       827            1         rejected 2024-01-31 23:16:01.571371]
[2024-01-31T13:48:06.597+0000] {logging_mixin.py:188} INFO - Connected to MySQL database!
[2024-01-31T13:48:06.612+0000] {logging_mixin.py:188} INFO - Connected to MySQL database!
[2024-01-31T13:48:11.634+0000] {logging_mixin.py:188} INFO - UPDATE falafel_db.orders SET order_status = %s, updated_at = %s WHERE order_id = %s
[2024-01-31T13:48:11.644+0000] {logging_mixin.py:188} INFO - Connected to MySQL database!
[2024-01-31T13:48:11.658+0000] {logging_mixin.py:188} INFO - UPDATE falafel_db.orders SET order_status = %s, updated_at = %s WHERE order_id = %s
[2024-01-31T13:48:11.664+0000] {logging_mixin.py:188} INFO - Connected to MySQL database!
[2024-01-31T13:48:16.679+0000] {logging_mixin.py:188} INFO - UPDATE falafel_db.orders SET order_status = %s, updated_at = %s WHERE order_id = %s
[2024-01-31T13:48:16.682+0000] {logging_mixin.py:188} INFO - Connected to MySQL database!
[2024-01-31T13:48:16.690+0000] {logging_mixin.py:188} INFO - UPDATE falafel_db.orders SET order_status = %s, updated_at = %s WHERE order_id = %s
[2024-01-31T13:48:16.694+0000] {logging_mixin.py:188} INFO - Connected to MySQL database!
[2024-01-31T13:48:21.703+0000] {logging_mixin.py:188} INFO - UPDATE falafel_db.orders SET order_status = %s, updated_at = %s WHERE order_id = %s
[2024-01-31T13:48:21.708+0000] {logging_mixin.py:188} INFO - Connected to MySQL database!
[2024-01-31T13:48:26.723+0000] {logging_mixin.py:188} INFO - UPDATE falafel_db.orders SET order_status = %s, updated_at = %s WHERE order_id = %s
[2024-01-31T13:48:26.726+0000] {logging_mixin.py:188} INFO - Connected to MySQL database!
[2024-01-31T13:48:31.739+0000] {python.py:201} INFO - Done. Returned value was: None
[2024-01-31T13:48:31.753+0000] {taskinstance.py:1138} INFO - Marking task as SUCCESS. dag_id=mysql_ingestor, task_id=ingestion, execution_date=20240131T134600, start_date=20240131T134801, end_date=20240131T134831
[2024-01-31T13:48:31.784+0000] {local_task_job_runner.py:234} INFO - Task exited with return code 0
[2024-01-31T13:48:31.795+0000] {taskinstance.py:3280} INFO - 0 downstream tasks scheduled from follow-on schedule check
