[2024-01-31T13:40:01.180+0000] {taskinstance.py:1956} INFO - Dependencies all met for dep_context=non-requeueable deps ti=<TaskInstance: mysql_ingestor.ingestion scheduled__2024-01-31T13:38:00+00:00 [queued]>
[2024-01-31T13:40:01.184+0000] {taskinstance.py:1956} INFO - Dependencies all met for dep_context=requeueable deps ti=<TaskInstance: mysql_ingestor.ingestion scheduled__2024-01-31T13:38:00+00:00 [queued]>
[2024-01-31T13:40:01.184+0000] {taskinstance.py:2170} INFO - Starting attempt 1 of 1
[2024-01-31T13:40:01.192+0000] {taskinstance.py:2191} INFO - Executing <Task(_PythonDecoratedOperator): ingestion> on 2024-01-31 13:38:00+00:00
[2024-01-31T13:40:01.195+0000] {standard_task_runner.py:60} INFO - Started process 229 to run task
[2024-01-31T13:40:01.197+0000] {standard_task_runner.py:87} INFO - Running: ['***', 'tasks', 'run', 'mysql_ingestor', 'ingestion', 'scheduled__2024-01-31T13:38:00+00:00', '--job-id', '131', '--raw', '--subdir', 'DAGS_FOLDER/mysql_ingestor.py', '--cfg-path', '/tmp/tmp8txdliid']
[2024-01-31T13:40:01.198+0000] {standard_task_runner.py:88} INFO - Job 131: Subtask ingestion
[2024-01-31T13:40:01.225+0000] {task_command.py:423} INFO - Running <TaskInstance: mysql_ingestor.ingestion scheduled__2024-01-31T13:38:00+00:00 [running]> on host eedf278c5a58
[2024-01-31T13:40:01.268+0000] {taskinstance.py:2480} INFO - Exporting env vars: AIRFLOW_CTX_DAG_OWNER='***' AIRFLOW_CTX_DAG_ID='mysql_ingestor' AIRFLOW_CTX_TASK_ID='ingestion' AIRFLOW_CTX_EXECUTION_DATE='2024-01-31T13:38:00+00:00' AIRFLOW_CTX_TRY_NUMBER='1' AIRFLOW_CTX_DAG_RUN_ID='scheduled__2024-01-31T13:38:00+00:00'
[2024-01-31T13:40:01.269+0000] {warnings.py:109} WARNING - /home/***/.local/lib/python3.8/site-packages/***/utils/context.py:207: AirflowContextDeprecationWarning: Accessing 'execution_date' from the template is deprecated and will be removed in a future version. Please use 'data_interval_start' or 'logical_date' instead.
  warnings.warn(_create_deprecation_warning(key, self._deprecation_replacements[key]))

[2024-01-31T13:40:01.280+0000] {logging_mixin.py:188} INFO - [   index  order_id  customer_id       order_status                 created_at
0      0       818            2            created 2024-01-31 21:41:01.269448
1      0       818            2    wait_to_payment 2024-01-31 21:50:01.269451
2      0       818            2  payment_cancelled 2024-01-31 21:54:01.269453,    index  order_id  customer_id       order_status                 created_at
0      1       819            1            created 2024-01-31 22:43:01.269461
1      1       819            1    wait_to_payment 2024-01-31 22:48:01.269462
2      1       819            1  payment_cancelled 2024-01-31 22:54:01.269463]
[2024-01-31T13:40:06.298+0000] {logging_mixin.py:188} INFO - Connected to MySQL database!
[2024-01-31T13:40:06.317+0000] {logging_mixin.py:188} INFO - Connected to MySQL database!
[2024-01-31T13:40:11.332+0000] {logging_mixin.py:188} INFO - UPDATE falafel_db.orders SET order_status = %s, updated_at = %s WHERE order_id = %s
[2024-01-31T13:40:11.337+0000] {logging_mixin.py:188} INFO - Connected to MySQL database!
[2024-01-31T13:40:11.347+0000] {logging_mixin.py:188} INFO - UPDATE falafel_db.orders SET order_status = %s, updated_at = %s WHERE order_id = %s
[2024-01-31T13:40:11.352+0000] {logging_mixin.py:188} INFO - Connected to MySQL database!
[2024-01-31T13:40:16.368+0000] {logging_mixin.py:188} INFO - UPDATE falafel_db.orders SET order_status = %s, updated_at = %s WHERE order_id = %s
[2024-01-31T13:40:16.377+0000] {logging_mixin.py:188} INFO - Connected to MySQL database!
[2024-01-31T13:40:16.390+0000] {logging_mixin.py:188} INFO - UPDATE falafel_db.orders SET order_status = %s, updated_at = %s WHERE order_id = %s
[2024-01-31T13:40:16.395+0000] {logging_mixin.py:188} INFO - Connected to MySQL database!
[2024-01-31T13:40:31.417+0000] {python.py:201} INFO - Done. Returned value was: None
[2024-01-31T13:40:31.433+0000] {taskinstance.py:1138} INFO - Marking task as SUCCESS. dag_id=mysql_ingestor, task_id=ingestion, execution_date=20240131T133800, start_date=20240131T134001, end_date=20240131T134031
[2024-01-31T13:40:31.483+0000] {local_task_job_runner.py:234} INFO - Task exited with return code 0
[2024-01-31T13:40:31.504+0000] {taskinstance.py:3280} INFO - 0 downstream tasks scheduled from follow-on schedule check
