[2024-01-31T13:54:00.571+0000] {taskinstance.py:1956} INFO - Dependencies all met for dep_context=non-requeueable deps ti=<TaskInstance: mysql_ingestor.ingestion scheduled__2024-01-31T13:52:00+00:00 [queued]>
[2024-01-31T13:54:00.575+0000] {taskinstance.py:1956} INFO - Dependencies all met for dep_context=requeueable deps ti=<TaskInstance: mysql_ingestor.ingestion scheduled__2024-01-31T13:52:00+00:00 [queued]>
[2024-01-31T13:54:00.575+0000] {taskinstance.py:2170} INFO - Starting attempt 1 of 1
[2024-01-31T13:54:00.583+0000] {taskinstance.py:2191} INFO - Executing <Task(_PythonDecoratedOperator): ingestion> on 2024-01-31 13:52:00+00:00
[2024-01-31T13:54:00.587+0000] {standard_task_runner.py:60} INFO - Started process 467 to run task
[2024-01-31T13:54:00.589+0000] {standard_task_runner.py:87} INFO - Running: ['***', 'tasks', 'run', 'mysql_ingestor', 'ingestion', 'scheduled__2024-01-31T13:52:00+00:00', '--job-id', '138', '--raw', '--subdir', 'DAGS_FOLDER/mysql_ingestor.py', '--cfg-path', '/tmp/tmprtsbv5if']
[2024-01-31T13:54:00.590+0000] {standard_task_runner.py:88} INFO - Job 138: Subtask ingestion
[2024-01-31T13:54:00.619+0000] {task_command.py:423} INFO - Running <TaskInstance: mysql_ingestor.ingestion scheduled__2024-01-31T13:52:00+00:00 [running]> on host eedf278c5a58
[2024-01-31T13:54:00.672+0000] {taskinstance.py:2480} INFO - Exporting env vars: AIRFLOW_CTX_DAG_OWNER='***' AIRFLOW_CTX_DAG_ID='mysql_ingestor' AIRFLOW_CTX_TASK_ID='ingestion' AIRFLOW_CTX_EXECUTION_DATE='2024-01-31T13:52:00+00:00' AIRFLOW_CTX_TRY_NUMBER='1' AIRFLOW_CTX_DAG_RUN_ID='scheduled__2024-01-31T13:52:00+00:00'
[2024-01-31T13:54:00.673+0000] {warnings.py:109} WARNING - /home/***/.local/lib/python3.8/site-packages/***/utils/context.py:207: AirflowContextDeprecationWarning: Accessing 'execution_date' from the template is deprecated and will be removed in a future version. Please use 'data_interval_start' or 'logical_date' instead.
  warnings.warn(_create_deprecation_warning(key, self._deprecation_replacements[key]))

[2024-01-31T13:54:00.688+0000] {logging_mixin.py:188} INFO - [   index  order_id  customer_id     order_status                 created_at
0      0       832            1          created 2024-01-31 21:54:00.674334
1      0       832            1  wait_to_payment 2024-01-31 22:03:00.674359
2      0       832            1            paied 2024-01-31 22:11:00.674369
3      0       832            1  wait_to_approve 2024-01-31 22:14:00.674377
4      0       832            1         rejected 2024-01-31 22:20:00.674385,    index  order_id  customer_id       order_status                 created_at
0      1       833            1            created 2024-01-31 18:55:00.674459
1      1       833            1    wait_to_payment 2024-01-31 19:03:00.674473
2      1       833            1  payment_cancelled 2024-01-31 19:11:00.674481]
[2024-01-31T13:54:05.696+0000] {logging_mixin.py:188} INFO - Connected to MySQL database!
[2024-01-31T13:54:05.707+0000] {logging_mixin.py:188} INFO - Connected to MySQL database!
[2024-01-31T13:54:10.719+0000] {logging_mixin.py:188} INFO - UPDATE falafel_db.orders SET order_status = %s, updated_at = %s WHERE order_id = %s
[2024-01-31T13:54:10.722+0000] {logging_mixin.py:188} INFO - Connected to MySQL database!
[2024-01-31T13:54:10.730+0000] {logging_mixin.py:188} INFO - UPDATE falafel_db.orders SET order_status = %s, updated_at = %s WHERE order_id = %s
[2024-01-31T13:54:10.733+0000] {logging_mixin.py:188} INFO - Connected to MySQL database!
[2024-01-31T13:54:15.744+0000] {logging_mixin.py:188} INFO - UPDATE falafel_db.orders SET order_status = %s, updated_at = %s WHERE order_id = %s
[2024-01-31T13:54:15.749+0000] {logging_mixin.py:188} INFO - Connected to MySQL database!
[2024-01-31T13:54:15.758+0000] {logging_mixin.py:188} INFO - UPDATE falafel_db.orders SET order_status = %s, updated_at = %s WHERE order_id = %s
[2024-01-31T13:54:15.761+0000] {logging_mixin.py:188} INFO - Connected to MySQL database!
[2024-01-31T13:54:20.771+0000] {logging_mixin.py:188} INFO - UPDATE falafel_db.orders SET order_status = %s, updated_at = %s WHERE order_id = %s
[2024-01-31T13:54:20.775+0000] {logging_mixin.py:188} INFO - Connected to MySQL database!
[2024-01-31T13:54:25.788+0000] {logging_mixin.py:188} INFO - UPDATE falafel_db.orders SET order_status = %s, updated_at = %s WHERE order_id = %s
[2024-01-31T13:54:25.793+0000] {logging_mixin.py:188} INFO - Connected to MySQL database!
[2024-01-31T13:54:30.802+0000] {python.py:201} INFO - Done. Returned value was: None
[2024-01-31T13:54:30.809+0000] {taskinstance.py:1138} INFO - Marking task as SUCCESS. dag_id=mysql_ingestor, task_id=ingestion, execution_date=20240131T135200, start_date=20240131T135400, end_date=20240131T135430
[2024-01-31T13:54:30.823+0000] {local_task_job_runner.py:234} INFO - Task exited with return code 0
[2024-01-31T13:54:30.833+0000] {taskinstance.py:3280} INFO - 0 downstream tasks scheduled from follow-on schedule check
