[2024-01-31T13:58:00.622+0000] {taskinstance.py:1956} INFO - Dependencies all met for dep_context=non-requeueable deps ti=<TaskInstance: mysql_ingestor.ingestion scheduled__2024-01-31T13:56:00+00:00 [queued]>
[2024-01-31T13:58:00.626+0000] {taskinstance.py:1956} INFO - Dependencies all met for dep_context=requeueable deps ti=<TaskInstance: mysql_ingestor.ingestion scheduled__2024-01-31T13:56:00+00:00 [queued]>
[2024-01-31T13:58:00.627+0000] {taskinstance.py:2170} INFO - Starting attempt 1 of 1
[2024-01-31T13:58:00.634+0000] {taskinstance.py:2191} INFO - Executing <Task(_PythonDecoratedOperator): ingestion> on 2024-01-31 13:56:00+00:00
[2024-01-31T13:58:00.639+0000] {standard_task_runner.py:60} INFO - Started process 537 to run task
[2024-01-31T13:58:00.640+0000] {standard_task_runner.py:87} INFO - Running: ['***', 'tasks', 'run', 'mysql_ingestor', 'ingestion', 'scheduled__2024-01-31T13:56:00+00:00', '--job-id', '140', '--raw', '--subdir', 'DAGS_FOLDER/mysql_ingestor.py', '--cfg-path', '/tmp/tmpae1_xs1v']
[2024-01-31T13:58:00.642+0000] {standard_task_runner.py:88} INFO - Job 140: Subtask ingestion
[2024-01-31T13:58:00.671+0000] {task_command.py:423} INFO - Running <TaskInstance: mysql_ingestor.ingestion scheduled__2024-01-31T13:56:00+00:00 [running]> on host eedf278c5a58
[2024-01-31T13:58:00.720+0000] {taskinstance.py:2480} INFO - Exporting env vars: AIRFLOW_CTX_DAG_OWNER='***' AIRFLOW_CTX_DAG_ID='mysql_ingestor' AIRFLOW_CTX_TASK_ID='ingestion' AIRFLOW_CTX_EXECUTION_DATE='2024-01-31T13:56:00+00:00' AIRFLOW_CTX_TRY_NUMBER='1' AIRFLOW_CTX_DAG_RUN_ID='scheduled__2024-01-31T13:56:00+00:00'
[2024-01-31T13:58:00.721+0000] {warnings.py:109} WARNING - /home/***/.local/lib/python3.8/site-packages/***/utils/context.py:207: AirflowContextDeprecationWarning: Accessing 'execution_date' from the template is deprecated and will be removed in a future version. Please use 'data_interval_start' or 'logical_date' instead.
  warnings.warn(_create_deprecation_warning(key, self._deprecation_replacements[key]))

[2024-01-31T13:58:00.732+0000] {logging_mixin.py:188} INFO - [   index  order_id  customer_id     order_status                 created_at
0      0       836            2          created 2024-01-31 21:02:00.721298
1      0       836            2  wait_to_payment 2024-01-31 21:09:00.721302
2      0       836            2            paied 2024-01-31 21:15:00.721303
3      0       836            2  wait_to_approve 2024-01-31 21:19:00.721305
4      0       836            2         approved 2024-01-31 21:23:00.721306,    index  order_id  customer_id     order_status                 created_at
0      1       837            2          created 2024-01-31 17:03:00.721314
1      1       837            2  wait_to_payment 2024-01-31 17:09:00.721316
2      1       837            2            paied 2024-01-31 17:10:00.721317
3      1       837            2  wait_to_approve 2024-01-31 17:18:00.721318
4      1       837            2         approved 2024-01-31 17:25:00.721319
5      1       837            2        cancelled 2024-01-31 17:29:00.721321]
[2024-01-31T13:58:05.751+0000] {logging_mixin.py:188} INFO - Connected to MySQL database!
[2024-01-31T13:58:05.765+0000] {logging_mixin.py:188} INFO - Connected to MySQL database!
[2024-01-31T13:58:10.784+0000] {logging_mixin.py:188} INFO - UPDATE falafel_db.orders SET order_status = %s, updated_at = %s WHERE order_id = %s
[2024-01-31T13:58:10.788+0000] {logging_mixin.py:188} INFO - Connected to MySQL database!
[2024-01-31T13:58:10.796+0000] {logging_mixin.py:188} INFO - UPDATE falafel_db.orders SET order_status = %s, updated_at = %s WHERE order_id = %s
[2024-01-31T13:58:10.800+0000] {logging_mixin.py:188} INFO - Connected to MySQL database!
[2024-01-31T13:58:15.814+0000] {logging_mixin.py:188} INFO - UPDATE falafel_db.orders SET order_status = %s, updated_at = %s WHERE order_id = %s
[2024-01-31T13:58:15.821+0000] {logging_mixin.py:188} INFO - Connected to MySQL database!
[2024-01-31T13:58:15.831+0000] {logging_mixin.py:188} INFO - UPDATE falafel_db.orders SET order_status = %s, updated_at = %s WHERE order_id = %s
[2024-01-31T13:58:15.836+0000] {logging_mixin.py:188} INFO - Connected to MySQL database!
[2024-01-31T13:58:20.852+0000] {logging_mixin.py:188} INFO - UPDATE falafel_db.orders SET order_status = %s, updated_at = %s WHERE order_id = %s
[2024-01-31T13:58:20.857+0000] {logging_mixin.py:188} INFO - Connected to MySQL database!
[2024-01-31T13:58:20.867+0000] {logging_mixin.py:188} INFO - UPDATE falafel_db.orders SET order_status = %s, updated_at = %s WHERE order_id = %s
[2024-01-31T13:58:20.872+0000] {logging_mixin.py:188} INFO - Connected to MySQL database!
[2024-01-31T13:58:25.889+0000] {logging_mixin.py:188} INFO - UPDATE falafel_db.orders SET order_status = %s, updated_at = %s WHERE order_id = %s
[2024-01-31T13:58:25.899+0000] {logging_mixin.py:188} INFO - Connected to MySQL database!
[2024-01-31T13:58:25.910+0000] {logging_mixin.py:188} INFO - UPDATE falafel_db.orders SET order_status = %s, updated_at = %s WHERE order_id = %s
[2024-01-31T13:58:25.913+0000] {logging_mixin.py:188} INFO - Connected to MySQL database!
[2024-01-31T13:58:30.926+0000] {logging_mixin.py:188} INFO - UPDATE falafel_db.orders SET order_status = %s, updated_at = %s WHERE order_id = %s
[2024-01-31T13:58:30.934+0000] {logging_mixin.py:188} INFO - Connected to MySQL database!
[2024-01-31T13:58:30.945+0000] {python.py:201} INFO - Done. Returned value was: None
[2024-01-31T13:58:30.958+0000] {taskinstance.py:1138} INFO - Marking task as SUCCESS. dag_id=mysql_ingestor, task_id=ingestion, execution_date=20240131T135600, start_date=20240131T135800, end_date=20240131T135830
[2024-01-31T13:58:30.973+0000] {local_task_job_runner.py:234} INFO - Task exited with return code 0
[2024-01-31T13:58:30.983+0000] {taskinstance.py:3280} INFO - 0 downstream tasks scheduled from follow-on schedule check
