[2024-01-31T14:18:00.023+0000] {taskinstance.py:1956} INFO - Dependencies all met for dep_context=non-requeueable deps ti=<TaskInstance: mysql_ingestor.ingestion manual__2024-01-31T14:17:59.416555+00:00 [queued]>
[2024-01-31T14:18:00.027+0000] {taskinstance.py:1956} INFO - Dependencies all met for dep_context=requeueable deps ti=<TaskInstance: mysql_ingestor.ingestion manual__2024-01-31T14:17:59.416555+00:00 [queued]>
[2024-01-31T14:18:00.027+0000] {taskinstance.py:2170} INFO - Starting attempt 1 of 1
[2024-01-31T14:18:00.036+0000] {taskinstance.py:2191} INFO - Executing <Task(_PythonDecoratedOperator): ingestion> on 2024-01-31 14:17:59.416555+00:00
[2024-01-31T14:18:00.040+0000] {standard_task_runner.py:60} INFO - Started process 889 to run task
[2024-01-31T14:18:00.041+0000] {standard_task_runner.py:87} INFO - Running: ['***', 'tasks', 'run', 'mysql_ingestor', 'ingestion', 'manual__2024-01-31T14:17:59.416555+00:00', '--job-id', '151', '--raw', '--subdir', 'DAGS_FOLDER/mysql_ingestor.py', '--cfg-path', '/tmp/tmpgx17_qg5']
[2024-01-31T14:18:00.042+0000] {standard_task_runner.py:88} INFO - Job 151: Subtask ingestion
[2024-01-31T14:18:00.070+0000] {task_command.py:423} INFO - Running <TaskInstance: mysql_ingestor.ingestion manual__2024-01-31T14:17:59.416555+00:00 [running]> on host eedf278c5a58
[2024-01-31T14:18:00.120+0000] {taskinstance.py:2480} INFO - Exporting env vars: AIRFLOW_CTX_DAG_OWNER='***' AIRFLOW_CTX_DAG_ID='mysql_ingestor' AIRFLOW_CTX_TASK_ID='ingestion' AIRFLOW_CTX_EXECUTION_DATE='2024-01-31T14:17:59.416555+00:00' AIRFLOW_CTX_TRY_NUMBER='1' AIRFLOW_CTX_DAG_RUN_ID='manual__2024-01-31T14:17:59.416555+00:00'
[2024-01-31T14:18:00.121+0000] {warnings.py:109} WARNING - /home/***/.local/lib/python3.8/site-packages/***/utils/context.py:207: AirflowContextDeprecationWarning: Accessing 'execution_date' from the template is deprecated and will be removed in a future version. Please use 'data_interval_start' or 'logical_date' instead.
  warnings.warn(_create_deprecation_warning(key, self._deprecation_replacements[key]))

[2024-01-31T14:18:00.135+0000] {logging_mixin.py:188} INFO - [   index  order_id  customer_id       order_status                 created_at
0      0       857            2            created 2024-01-31 17:18:00.121824
1      0       857            2    wait_to_payment 2024-01-31 17:29:00.121832
2      0       857            2  payment_cancelled 2024-01-31 17:34:00.121836,    index  order_id  customer_id     order_status                 created_at
0      1       858            2          created 2024-01-31 16:21:00.121855
1      1       858            2  wait_to_payment 2024-01-31 16:24:00.121858
2      1       858            2            paied 2024-01-31 16:33:00.121862
3      1       858            2  wait_to_approve 2024-01-31 16:39:00.121865
4      1       858            2         approved 2024-01-31 16:43:00.121868
5      1       858            2        finalized 2024-01-31 16:50:00.121871]
[2024-01-31T14:18:05.153+0000] {logging_mixin.py:188} INFO - Connected to MySQL database!
[2024-01-31T14:18:05.167+0000] {logging_mixin.py:188} INFO - Connected to MySQL database!
[2024-01-31T14:18:10.183+0000] {logging_mixin.py:188} INFO - UPDATE falafel_db.orders SET order_status = %s, updated_at = %s WHERE order_id = %s
[2024-01-31T14:18:10.189+0000] {logging_mixin.py:188} INFO - Connected to MySQL database!
[2024-01-31T14:18:10.200+0000] {logging_mixin.py:188} INFO - UPDATE falafel_db.orders SET order_status = %s, updated_at = %s WHERE order_id = %s
[2024-01-31T14:18:10.206+0000] {logging_mixin.py:188} INFO - Connected to MySQL database!
[2024-01-31T14:18:15.220+0000] {logging_mixin.py:188} INFO - UPDATE falafel_db.orders SET order_status = %s, updated_at = %s WHERE order_id = %s
[2024-01-31T14:18:15.225+0000] {logging_mixin.py:188} INFO - Connected to MySQL database!
[2024-01-31T14:18:15.231+0000] {logging_mixin.py:188} INFO - UPDATE falafel_db.orders SET order_status = %s, updated_at = %s WHERE order_id = %s
[2024-01-31T14:18:15.234+0000] {logging_mixin.py:188} INFO - Connected to MySQL database!
[2024-01-31T14:18:20.247+0000] {logging_mixin.py:188} INFO - UPDATE falafel_db.orders SET order_status = %s, updated_at = %s WHERE order_id = %s
[2024-01-31T14:18:20.250+0000] {logging_mixin.py:188} INFO - Connected to MySQL database!
[2024-01-31T14:18:25.263+0000] {logging_mixin.py:188} INFO - UPDATE falafel_db.orders SET order_status = %s, updated_at = %s WHERE order_id = %s
[2024-01-31T14:18:25.266+0000] {logging_mixin.py:188} INFO - Connected to MySQL database!
[2024-01-31T14:18:30.281+0000] {logging_mixin.py:188} INFO - UPDATE falafel_db.orders SET order_status = %s, updated_at = %s WHERE order_id = %s
[2024-01-31T14:18:30.289+0000] {logging_mixin.py:188} INFO - Connected to MySQL database!
[2024-01-31T14:18:30.299+0000] {python.py:201} INFO - Done. Returned value was: None
[2024-01-31T14:18:30.315+0000] {taskinstance.py:1138} INFO - Marking task as SUCCESS. dag_id=mysql_ingestor, task_id=ingestion, execution_date=20240131T141759, start_date=20240131T141800, end_date=20240131T141830
[2024-01-31T14:18:30.339+0000] {local_task_job_runner.py:234} INFO - Task exited with return code 0
[2024-01-31T14:18:30.348+0000] {taskinstance.py:3280} INFO - 0 downstream tasks scheduled from follow-on schedule check
