[2024-01-31T14:14:01.002+0000] {taskinstance.py:1956} INFO - Dependencies all met for dep_context=non-requeueable deps ti=<TaskInstance: mysql_ingestor.ingestion scheduled__2024-01-31T14:12:00+00:00 [queued]>
[2024-01-31T14:14:01.008+0000] {taskinstance.py:1956} INFO - Dependencies all met for dep_context=requeueable deps ti=<TaskInstance: mysql_ingestor.ingestion scheduled__2024-01-31T14:12:00+00:00 [queued]>
[2024-01-31T14:14:01.008+0000] {taskinstance.py:2170} INFO - Starting attempt 1 of 1
[2024-01-31T14:14:01.019+0000] {taskinstance.py:2191} INFO - Executing <Task(_PythonDecoratedOperator): ingestion> on 2024-01-31 14:12:00+00:00
[2024-01-31T14:14:01.023+0000] {standard_task_runner.py:60} INFO - Started process 819 to run task
[2024-01-31T14:14:01.025+0000] {standard_task_runner.py:87} INFO - Running: ['***', 'tasks', 'run', 'mysql_ingestor', 'ingestion', 'scheduled__2024-01-31T14:12:00+00:00', '--job-id', '149', '--raw', '--subdir', 'DAGS_FOLDER/mysql_ingestor.py', '--cfg-path', '/tmp/tmp02cx21l3']
[2024-01-31T14:14:01.027+0000] {standard_task_runner.py:88} INFO - Job 149: Subtask ingestion
[2024-01-31T14:14:01.058+0000] {task_command.py:423} INFO - Running <TaskInstance: mysql_ingestor.ingestion scheduled__2024-01-31T14:12:00+00:00 [running]> on host eedf278c5a58
[2024-01-31T14:14:01.109+0000] {taskinstance.py:2480} INFO - Exporting env vars: AIRFLOW_CTX_DAG_OWNER='***' AIRFLOW_CTX_DAG_ID='mysql_ingestor' AIRFLOW_CTX_TASK_ID='ingestion' AIRFLOW_CTX_EXECUTION_DATE='2024-01-31T14:12:00+00:00' AIRFLOW_CTX_TRY_NUMBER='1' AIRFLOW_CTX_DAG_RUN_ID='scheduled__2024-01-31T14:12:00+00:00'
[2024-01-31T14:14:01.111+0000] {warnings.py:109} WARNING - /home/***/.local/lib/python3.8/site-packages/***/utils/context.py:207: AirflowContextDeprecationWarning: Accessing 'execution_date' from the template is deprecated and will be removed in a future version. Please use 'data_interval_start' or 'logical_date' instead.
  warnings.warn(_create_deprecation_warning(key, self._deprecation_replacements[key]))

[2024-01-31T14:14:01.124+0000] {logging_mixin.py:188} INFO - [   index  order_id  customer_id       order_status                 created_at
0      0       852            1            created 2024-01-31 18:19:01.111392
1      0       852            1    wait_to_payment 2024-01-31 18:22:01.111397
2      0       852            1  payment_cancelled 2024-01-31 18:30:01.111398,    index  order_id  customer_id     order_status                 created_at
0      1       853            1          created 2024-02-01 01:17:01.111409
1      1       853            1  wait_to_payment 2024-02-01 01:21:01.111411
2      1       853            1            paied 2024-02-01 01:29:01.111412
3      1       853            1  wait_to_approve 2024-02-01 01:32:01.111414
4      1       853            1         approved 2024-02-01 01:40:01.111415
5      1       853            1        cancelled 2024-02-01 01:48:01.111416]
[2024-01-31T14:14:06.134+0000] {logging_mixin.py:188} INFO - Connected to MySQL database!
[2024-01-31T14:14:06.168+0000] {logging_mixin.py:188} INFO - Connected to MySQL database!
[2024-01-31T14:14:11.180+0000] {logging_mixin.py:188} INFO - UPDATE falafel_db.orders SET order_status = %s, updated_at = %s WHERE order_id = %s
[2024-01-31T14:14:11.187+0000] {logging_mixin.py:188} INFO - Connected to MySQL database!
[2024-01-31T14:14:11.229+0000] {logging_mixin.py:188} INFO - UPDATE falafel_db.orders SET order_status = %s, updated_at = %s WHERE order_id = %s
[2024-01-31T14:14:11.236+0000] {logging_mixin.py:188} INFO - Connected to MySQL database!
[2024-01-31T14:14:16.251+0000] {logging_mixin.py:188} INFO - UPDATE falafel_db.orders SET order_status = %s, updated_at = %s WHERE order_id = %s
[2024-01-31T14:14:16.255+0000] {logging_mixin.py:188} INFO - Connected to MySQL database!
[2024-01-31T14:14:16.283+0000] {logging_mixin.py:188} INFO - UPDATE falafel_db.orders SET order_status = %s, updated_at = %s WHERE order_id = %s
[2024-01-31T14:14:16.288+0000] {logging_mixin.py:188} INFO - Connected to MySQL database!
[2024-01-31T14:14:21.301+0000] {logging_mixin.py:188} INFO - UPDATE falafel_db.orders SET order_status = %s, updated_at = %s WHERE order_id = %s
[2024-01-31T14:14:21.310+0000] {logging_mixin.py:188} INFO - Connected to MySQL database!
[2024-01-31T14:14:26.347+0000] {logging_mixin.py:188} INFO - UPDATE falafel_db.orders SET order_status = %s, updated_at = %s WHERE order_id = %s
[2024-01-31T14:14:26.350+0000] {logging_mixin.py:188} INFO - Connected to MySQL database!
[2024-01-31T14:14:31.382+0000] {logging_mixin.py:188} INFO - UPDATE falafel_db.orders SET order_status = %s, updated_at = %s WHERE order_id = %s
[2024-01-31T14:14:31.392+0000] {logging_mixin.py:188} INFO - Connected to MySQL database!
[2024-01-31T14:14:31.401+0000] {python.py:201} INFO - Done. Returned value was: None
[2024-01-31T14:14:31.414+0000] {taskinstance.py:1138} INFO - Marking task as SUCCESS. dag_id=mysql_ingestor, task_id=ingestion, execution_date=20240131T141200, start_date=20240131T141401, end_date=20240131T141431
[2024-01-31T14:14:31.437+0000] {local_task_job_runner.py:234} INFO - Task exited with return code 0
[2024-01-31T14:14:31.448+0000] {taskinstance.py:3280} INFO - 0 downstream tasks scheduled from follow-on schedule check
