[2024-01-31T13:36:01.192+0000] {taskinstance.py:1956} INFO - Dependencies all met for dep_context=non-requeueable deps ti=<TaskInstance: mysql_ingestor.ingestion scheduled__2024-01-31T13:34:00+00:00 [queued]>
[2024-01-31T13:36:01.196+0000] {taskinstance.py:1956} INFO - Dependencies all met for dep_context=requeueable deps ti=<TaskInstance: mysql_ingestor.ingestion scheduled__2024-01-31T13:34:00+00:00 [queued]>
[2024-01-31T13:36:01.197+0000] {taskinstance.py:2170} INFO - Starting attempt 1 of 1
[2024-01-31T13:36:01.206+0000] {taskinstance.py:2191} INFO - Executing <Task(_PythonDecoratedOperator): ingestion> on 2024-01-31 13:34:00+00:00
[2024-01-31T13:36:01.212+0000] {standard_task_runner.py:60} INFO - Started process 159 to run task
[2024-01-31T13:36:01.213+0000] {standard_task_runner.py:87} INFO - Running: ['***', 'tasks', 'run', 'mysql_ingestor', 'ingestion', 'scheduled__2024-01-31T13:34:00+00:00', '--job-id', '129', '--raw', '--subdir', 'DAGS_FOLDER/mysql_ingestor.py', '--cfg-path', '/tmp/tmpxw3emhmf']
[2024-01-31T13:36:01.215+0000] {standard_task_runner.py:88} INFO - Job 129: Subtask ingestion
[2024-01-31T13:36:01.243+0000] {task_command.py:423} INFO - Running <TaskInstance: mysql_ingestor.ingestion scheduled__2024-01-31T13:34:00+00:00 [running]> on host eedf278c5a58
[2024-01-31T13:36:01.290+0000] {taskinstance.py:2480} INFO - Exporting env vars: AIRFLOW_CTX_DAG_OWNER='***' AIRFLOW_CTX_DAG_ID='mysql_ingestor' AIRFLOW_CTX_TASK_ID='ingestion' AIRFLOW_CTX_EXECUTION_DATE='2024-01-31T13:34:00+00:00' AIRFLOW_CTX_TRY_NUMBER='1' AIRFLOW_CTX_DAG_RUN_ID='scheduled__2024-01-31T13:34:00+00:00'
[2024-01-31T13:36:01.291+0000] {warnings.py:109} WARNING - /home/***/.local/lib/python3.8/site-packages/***/utils/context.py:207: AirflowContextDeprecationWarning: Accessing 'execution_date' from the template is deprecated and will be removed in a future version. Please use 'data_interval_start' or 'logical_date' instead.
  warnings.warn(_create_deprecation_warning(key, self._deprecation_replacements[key]))

[2024-01-31T13:36:01.303+0000] {logging_mixin.py:188} INFO - [   index  order_id  customer_id     order_status                 created_at
0      0       814            1          created 2024-01-31 13:36:01.291635
1      0       814            1  wait_to_payment 2024-01-31 13:46:01.291638
2      0       814            1            paied 2024-01-31 13:53:01.291640
3      0       814            1  wait_to_approve 2024-01-31 13:55:01.291641
4      0       814            1         rejected 2024-01-31 14:05:01.291642,    index  order_id  customer_id       order_status                 created_at
0      1       815            2            created 2024-01-31 21:40:01.291652
1      1       815            2    wait_to_payment 2024-01-31 21:44:01.291653
2      1       815            2  payment_cancelled 2024-01-31 21:51:01.291654]
[2024-01-31T13:36:06.315+0000] {logging_mixin.py:188} INFO - Connected to MySQL database!
[2024-01-31T13:36:06.326+0000] {logging_mixin.py:188} INFO - Connected to MySQL database!
[2024-01-31T13:36:11.340+0000] {logging_mixin.py:188} INFO - UPDATE falafel_db.orders SET order_status = %s, updated_at = %s WHERE order_id = %s
[2024-01-31T13:36:11.346+0000] {logging_mixin.py:188} INFO - Connected to MySQL database!
[2024-01-31T13:36:11.357+0000] {logging_mixin.py:188} INFO - UPDATE falafel_db.orders SET order_status = %s, updated_at = %s WHERE order_id = %s
[2024-01-31T13:36:11.363+0000] {logging_mixin.py:188} INFO - Connected to MySQL database!
[2024-01-31T13:36:16.380+0000] {logging_mixin.py:188} INFO - UPDATE falafel_db.orders SET order_status = %s, updated_at = %s WHERE order_id = %s
[2024-01-31T13:36:16.386+0000] {logging_mixin.py:188} INFO - Connected to MySQL database!
[2024-01-31T13:36:16.397+0000] {logging_mixin.py:188} INFO - UPDATE falafel_db.orders SET order_status = %s, updated_at = %s WHERE order_id = %s
[2024-01-31T13:36:16.404+0000] {logging_mixin.py:188} INFO - Connected to MySQL database!
[2024-01-31T13:36:21.421+0000] {logging_mixin.py:188} INFO - UPDATE falafel_db.orders SET order_status = %s, updated_at = %s WHERE order_id = %s
[2024-01-31T13:36:21.430+0000] {logging_mixin.py:188} INFO - Connected to MySQL database!
[2024-01-31T13:36:26.444+0000] {logging_mixin.py:188} INFO - UPDATE falafel_db.orders SET order_status = %s, updated_at = %s WHERE order_id = %s
[2024-01-31T13:36:26.452+0000] {logging_mixin.py:188} INFO - Connected to MySQL database!
[2024-01-31T13:36:31.470+0000] {python.py:201} INFO - Done. Returned value was: None
[2024-01-31T13:36:31.477+0000] {taskinstance.py:1138} INFO - Marking task as SUCCESS. dag_id=mysql_ingestor, task_id=ingestion, execution_date=20240131T133400, start_date=20240131T133601, end_date=20240131T133631
[2024-01-31T13:36:31.495+0000] {local_task_job_runner.py:234} INFO - Task exited with return code 0
[2024-01-31T13:36:31.504+0000] {taskinstance.py:3280} INFO - 0 downstream tasks scheduled from follow-on schedule check
