[2024-01-31T14:18:01.144+0000] {taskinstance.py:1956} INFO - Dependencies all met for dep_context=non-requeueable deps ti=<TaskInstance: mysql_ingestor.ingestion scheduled__2024-01-31T14:16:00+00:00 [queued]>
[2024-01-31T14:18:01.148+0000] {taskinstance.py:1956} INFO - Dependencies all met for dep_context=requeueable deps ti=<TaskInstance: mysql_ingestor.ingestion scheduled__2024-01-31T14:16:00+00:00 [queued]>
[2024-01-31T14:18:01.149+0000] {taskinstance.py:2170} INFO - Starting attempt 1 of 1
[2024-01-31T14:18:01.155+0000] {taskinstance.py:2191} INFO - Executing <Task(_PythonDecoratedOperator): ingestion> on 2024-01-31 14:16:00+00:00
[2024-01-31T14:18:01.159+0000] {standard_task_runner.py:60} INFO - Started process 892 to run task
[2024-01-31T14:18:01.161+0000] {standard_task_runner.py:87} INFO - Running: ['***', 'tasks', 'run', 'mysql_ingestor', 'ingestion', 'scheduled__2024-01-31T14:16:00+00:00', '--job-id', '152', '--raw', '--subdir', 'DAGS_FOLDER/mysql_ingestor.py', '--cfg-path', '/tmp/tmp85itg0sy']
[2024-01-31T14:18:01.162+0000] {standard_task_runner.py:88} INFO - Job 152: Subtask ingestion
[2024-01-31T14:18:01.191+0000] {task_command.py:423} INFO - Running <TaskInstance: mysql_ingestor.ingestion scheduled__2024-01-31T14:16:00+00:00 [running]> on host eedf278c5a58
[2024-01-31T14:18:01.240+0000] {taskinstance.py:2480} INFO - Exporting env vars: AIRFLOW_CTX_DAG_OWNER='***' AIRFLOW_CTX_DAG_ID='mysql_ingestor' AIRFLOW_CTX_TASK_ID='ingestion' AIRFLOW_CTX_EXECUTION_DATE='2024-01-31T14:16:00+00:00' AIRFLOW_CTX_TRY_NUMBER='1' AIRFLOW_CTX_DAG_RUN_ID='scheduled__2024-01-31T14:16:00+00:00'
[2024-01-31T14:18:01.241+0000] {warnings.py:109} WARNING - /home/***/.local/lib/python3.8/site-packages/***/utils/context.py:207: AirflowContextDeprecationWarning: Accessing 'execution_date' from the template is deprecated and will be removed in a future version. Please use 'data_interval_start' or 'logical_date' instead.
  warnings.warn(_create_deprecation_warning(key, self._deprecation_replacements[key]))

[2024-01-31T14:18:01.256+0000] {logging_mixin.py:188} INFO - [   index  order_id  customer_id     order_status                 created_at
0      0       856            2          created 2024-01-31 15:18:01.241903
1      0       856            2  wait_to_payment 2024-01-31 15:27:01.241907
2      0       856            2            paied 2024-01-31 15:34:01.241909
3      0       856            2  wait_to_approve 2024-01-31 15:40:01.241910
4      0       856            2         approved 2024-01-31 15:47:01.241913
5      0       856            2        finalized 2024-01-31 15:49:01.241915,    index  order_id  customer_id     order_status                 created_at
0      1       857            1          created 2024-02-01 01:23:01.241934
1      1       857            1  wait_to_payment 2024-02-01 01:26:01.241937
2      1       857            1            paied 2024-02-01 01:35:01.241939
3      1       857            1  wait_to_approve 2024-02-01 01:36:01.241941
4      1       857            1         approved 2024-02-01 01:47:01.241953
5      1       857            1        finalized 2024-02-01 01:53:01.241956]
[2024-01-31T14:18:06.264+0000] {logging_mixin.py:188} INFO - Connected to MySQL database!
[2024-01-31T14:18:06.276+0000] {logging_mixin.py:188} INFO - Connected to MySQL database!
[2024-01-31T14:18:06.276+0000] {logging_mixin.py:188} INFO - Failed to connect to MySQL: 1062 (23000): Duplicate entry '857' for key 'orders.PRIMARY'
[2024-01-31T14:18:11.284+0000] {logging_mixin.py:188} INFO - UPDATE falafel_db.orders SET order_status = %s, updated_at = %s WHERE order_id = %s
[2024-01-31T14:18:11.290+0000] {logging_mixin.py:188} INFO - Connected to MySQL database!
[2024-01-31T14:18:11.300+0000] {logging_mixin.py:188} INFO - UPDATE falafel_db.orders SET order_status = %s, updated_at = %s WHERE order_id = %s
[2024-01-31T14:18:11.306+0000] {logging_mixin.py:188} INFO - Connected to MySQL database!
[2024-01-31T14:18:16.321+0000] {logging_mixin.py:188} INFO - UPDATE falafel_db.orders SET order_status = %s, updated_at = %s WHERE order_id = %s
[2024-01-31T14:18:16.324+0000] {logging_mixin.py:188} INFO - Connected to MySQL database!
[2024-01-31T14:18:16.333+0000] {logging_mixin.py:188} INFO - UPDATE falafel_db.orders SET order_status = %s, updated_at = %s WHERE order_id = %s
[2024-01-31T14:18:16.336+0000] {logging_mixin.py:188} INFO - Connected to MySQL database!
[2024-01-31T14:18:21.347+0000] {logging_mixin.py:188} INFO - UPDATE falafel_db.orders SET order_status = %s, updated_at = %s WHERE order_id = %s
[2024-01-31T14:18:21.350+0000] {logging_mixin.py:188} INFO - Connected to MySQL database!
[2024-01-31T14:18:21.359+0000] {logging_mixin.py:188} INFO - UPDATE falafel_db.orders SET order_status = %s, updated_at = %s WHERE order_id = %s
[2024-01-31T14:18:21.362+0000] {logging_mixin.py:188} INFO - Connected to MySQL database!
[2024-01-31T14:18:26.376+0000] {logging_mixin.py:188} INFO - UPDATE falafel_db.orders SET order_status = %s, updated_at = %s WHERE order_id = %s
[2024-01-31T14:18:26.378+0000] {logging_mixin.py:188} INFO - Connected to MySQL database!
[2024-01-31T14:18:26.386+0000] {logging_mixin.py:188} INFO - UPDATE falafel_db.orders SET order_status = %s, updated_at = %s WHERE order_id = %s
[2024-01-31T14:18:26.390+0000] {logging_mixin.py:188} INFO - Connected to MySQL database!
[2024-01-31T14:18:31.405+0000] {logging_mixin.py:188} INFO - UPDATE falafel_db.orders SET order_status = %s, updated_at = %s WHERE order_id = %s
[2024-01-31T14:18:31.408+0000] {logging_mixin.py:188} INFO - Connected to MySQL database!
[2024-01-31T14:18:31.418+0000] {logging_mixin.py:188} INFO - UPDATE falafel_db.orders SET order_status = %s, updated_at = %s WHERE order_id = %s
[2024-01-31T14:18:31.422+0000] {logging_mixin.py:188} INFO - Connected to MySQL database!
[2024-01-31T14:18:31.430+0000] {python.py:201} INFO - Done. Returned value was: None
[2024-01-31T14:18:31.440+0000] {taskinstance.py:1138} INFO - Marking task as SUCCESS. dag_id=mysql_ingestor, task_id=ingestion, execution_date=20240131T141600, start_date=20240131T141801, end_date=20240131T141831
[2024-01-31T14:18:31.458+0000] {local_task_job_runner.py:234} INFO - Task exited with return code 0
[2024-01-31T14:18:31.466+0000] {taskinstance.py:3280} INFO - 0 downstream tasks scheduled from follow-on schedule check
