[2024-01-31T13:50:00.590+0000] {taskinstance.py:1956} INFO - Dependencies all met for dep_context=non-requeueable deps ti=<TaskInstance: mysql_ingestor.ingestion scheduled__2024-01-31T13:48:00+00:00 [queued]>
[2024-01-31T13:50:00.595+0000] {taskinstance.py:1956} INFO - Dependencies all met for dep_context=requeueable deps ti=<TaskInstance: mysql_ingestor.ingestion scheduled__2024-01-31T13:48:00+00:00 [queued]>
[2024-01-31T13:50:00.596+0000] {taskinstance.py:2170} INFO - Starting attempt 1 of 1
[2024-01-31T13:50:00.603+0000] {taskinstance.py:2191} INFO - Executing <Task(_PythonDecoratedOperator): ingestion> on 2024-01-31 13:48:00+00:00
[2024-01-31T13:50:00.607+0000] {standard_task_runner.py:60} INFO - Started process 405 to run task
[2024-01-31T13:50:00.609+0000] {standard_task_runner.py:87} INFO - Running: ['***', 'tasks', 'run', 'mysql_ingestor', 'ingestion', 'scheduled__2024-01-31T13:48:00+00:00', '--job-id', '136', '--raw', '--subdir', 'DAGS_FOLDER/mysql_ingestor.py', '--cfg-path', '/tmp/tmp862by6n9']
[2024-01-31T13:50:00.610+0000] {standard_task_runner.py:88} INFO - Job 136: Subtask ingestion
[2024-01-31T13:50:00.638+0000] {task_command.py:423} INFO - Running <TaskInstance: mysql_ingestor.ingestion scheduled__2024-01-31T13:48:00+00:00 [running]> on host eedf278c5a58
[2024-01-31T13:50:00.685+0000] {taskinstance.py:2480} INFO - Exporting env vars: AIRFLOW_CTX_DAG_OWNER='***' AIRFLOW_CTX_DAG_ID='mysql_ingestor' AIRFLOW_CTX_TASK_ID='ingestion' AIRFLOW_CTX_EXECUTION_DATE='2024-01-31T13:48:00+00:00' AIRFLOW_CTX_TRY_NUMBER='1' AIRFLOW_CTX_DAG_RUN_ID='scheduled__2024-01-31T13:48:00+00:00'
[2024-01-31T13:50:00.686+0000] {warnings.py:109} WARNING - /home/***/.local/lib/python3.8/site-packages/***/utils/context.py:207: AirflowContextDeprecationWarning: Accessing 'execution_date' from the template is deprecated and will be removed in a future version. Please use 'data_interval_start' or 'logical_date' instead.
  warnings.warn(_create_deprecation_warning(key, self._deprecation_replacements[key]))

[2024-01-31T13:50:00.697+0000] {logging_mixin.py:188} INFO - [   index  order_id  customer_id     order_status                 created_at
0      0       828            1          created 2024-01-31 21:52:00.686456
1      0       828            1  wait_to_payment 2024-01-31 22:01:00.686466
2      0       828            1            paied 2024-01-31 22:02:00.686468
3      0       828            1  wait_to_approve 2024-01-31 22:10:00.686470
4      0       828            1         approved 2024-01-31 22:15:00.686471
5      0       828            1        finalized 2024-01-31 22:20:00.686473,    index  order_id  customer_id       order_status                 created_at
0      1       829            2            created 2024-01-31 15:51:00.686483
1      1       829            2    wait_to_payment 2024-01-31 15:57:00.686485
2      1       829            2  payment_cancelled 2024-01-31 16:03:00.686486]
[2024-01-31T13:50:05.714+0000] {logging_mixin.py:188} INFO - Connected to MySQL database!
[2024-01-31T13:50:05.727+0000] {logging_mixin.py:188} INFO - Connected to MySQL database!
[2024-01-31T13:50:10.744+0000] {logging_mixin.py:188} INFO - UPDATE falafel_db.orders SET order_status = %s, updated_at = %s WHERE order_id = %s
[2024-01-31T13:50:10.747+0000] {logging_mixin.py:188} INFO - Connected to MySQL database!
[2024-01-31T13:50:10.756+0000] {logging_mixin.py:188} INFO - UPDATE falafel_db.orders SET order_status = %s, updated_at = %s WHERE order_id = %s
[2024-01-31T13:50:10.759+0000] {logging_mixin.py:188} INFO - Connected to MySQL database!
[2024-01-31T13:50:15.771+0000] {logging_mixin.py:188} INFO - UPDATE falafel_db.orders SET order_status = %s, updated_at = %s WHERE order_id = %s
[2024-01-31T13:50:15.774+0000] {logging_mixin.py:188} INFO - Connected to MySQL database!
[2024-01-31T13:50:15.781+0000] {logging_mixin.py:188} INFO - UPDATE falafel_db.orders SET order_status = %s, updated_at = %s WHERE order_id = %s
[2024-01-31T13:50:15.784+0000] {logging_mixin.py:188} INFO - Connected to MySQL database!
[2024-01-31T13:50:20.797+0000] {logging_mixin.py:188} INFO - UPDATE falafel_db.orders SET order_status = %s, updated_at = %s WHERE order_id = %s
[2024-01-31T13:50:20.801+0000] {logging_mixin.py:188} INFO - Connected to MySQL database!
[2024-01-31T13:50:25.817+0000] {logging_mixin.py:188} INFO - UPDATE falafel_db.orders SET order_status = %s, updated_at = %s WHERE order_id = %s
[2024-01-31T13:50:25.826+0000] {logging_mixin.py:188} INFO - Connected to MySQL database!
[2024-01-31T13:50:30.844+0000] {logging_mixin.py:188} INFO - UPDATE falafel_db.orders SET order_status = %s, updated_at = %s WHERE order_id = %s
[2024-01-31T13:50:30.852+0000] {logging_mixin.py:188} INFO - Connected to MySQL database!
[2024-01-31T13:50:30.863+0000] {python.py:201} INFO - Done. Returned value was: None
[2024-01-31T13:50:30.873+0000] {taskinstance.py:1138} INFO - Marking task as SUCCESS. dag_id=mysql_ingestor, task_id=ingestion, execution_date=20240131T134800, start_date=20240131T135000, end_date=20240131T135030
[2024-01-31T13:50:30.901+0000] {local_task_job_runner.py:234} INFO - Task exited with return code 0
[2024-01-31T13:50:30.913+0000] {taskinstance.py:3280} INFO - 0 downstream tasks scheduled from follow-on schedule check
