[2024-01-31T13:46:00.833+0000] {taskinstance.py:1956} INFO - Dependencies all met for dep_context=non-requeueable deps ti=<TaskInstance: mysql_ingestor.ingestion scheduled__2024-01-31T13:44:00+00:00 [queued]>
[2024-01-31T13:46:00.837+0000] {taskinstance.py:1956} INFO - Dependencies all met for dep_context=requeueable deps ti=<TaskInstance: mysql_ingestor.ingestion scheduled__2024-01-31T13:44:00+00:00 [queued]>
[2024-01-31T13:46:00.837+0000] {taskinstance.py:2170} INFO - Starting attempt 1 of 1
[2024-01-31T13:46:00.845+0000] {taskinstance.py:2191} INFO - Executing <Task(_PythonDecoratedOperator): ingestion> on 2024-01-31 13:44:00+00:00
[2024-01-31T13:46:00.849+0000] {standard_task_runner.py:60} INFO - Started process 335 to run task
[2024-01-31T13:46:00.850+0000] {standard_task_runner.py:87} INFO - Running: ['***', 'tasks', 'run', 'mysql_ingestor', 'ingestion', 'scheduled__2024-01-31T13:44:00+00:00', '--job-id', '134', '--raw', '--subdir', 'DAGS_FOLDER/mysql_ingestor.py', '--cfg-path', '/tmp/tmpyd0zyxo9']
[2024-01-31T13:46:00.852+0000] {standard_task_runner.py:88} INFO - Job 134: Subtask ingestion
[2024-01-31T13:46:00.878+0000] {task_command.py:423} INFO - Running <TaskInstance: mysql_ingestor.ingestion scheduled__2024-01-31T13:44:00+00:00 [running]> on host eedf278c5a58
[2024-01-31T13:46:00.921+0000] {taskinstance.py:2480} INFO - Exporting env vars: AIRFLOW_CTX_DAG_OWNER='***' AIRFLOW_CTX_DAG_ID='mysql_ingestor' AIRFLOW_CTX_TASK_ID='ingestion' AIRFLOW_CTX_EXECUTION_DATE='2024-01-31T13:44:00+00:00' AIRFLOW_CTX_TRY_NUMBER='1' AIRFLOW_CTX_DAG_RUN_ID='scheduled__2024-01-31T13:44:00+00:00'
[2024-01-31T13:46:00.922+0000] {warnings.py:109} WARNING - /home/***/.local/lib/python3.8/site-packages/***/utils/context.py:207: AirflowContextDeprecationWarning: Accessing 'execution_date' from the template is deprecated and will be removed in a future version. Please use 'data_interval_start' or 'logical_date' instead.
  warnings.warn(_create_deprecation_warning(key, self._deprecation_replacements[key]))

[2024-01-31T13:46:00.934+0000] {logging_mixin.py:188} INFO - [   index  order_id  customer_id     order_status                 created_at
0      0       824            1          created 2024-02-01 01:47:00.923128
1      0       824            1  wait_to_payment 2024-02-01 01:55:00.923132
2      0       824            1            paied 2024-02-01 02:03:00.923133
3      0       824            1  wait_to_approve 2024-02-01 02:04:00.923135
4      0       824            1         rejected 2024-02-01 02:10:00.923136,    index  order_id  customer_id     order_status                 created_at
0      1       825            1          created 2024-01-31 14:51:00.923145
1      1       825            1  wait_to_payment 2024-01-31 14:57:00.923147
2      1       825            1            paied 2024-01-31 15:03:00.923148
3      1       825            1  wait_to_approve 2024-01-31 15:09:00.923149
4      1       825            1         approved 2024-01-31 15:14:00.923150
5      1       825            1        finalized 2024-01-31 15:16:00.923151]
[2024-01-31T13:46:05.944+0000] {logging_mixin.py:188} INFO - Connected to MySQL database!
[2024-01-31T13:46:05.954+0000] {logging_mixin.py:188} INFO - Connected to MySQL database!
[2024-01-31T13:46:10.969+0000] {logging_mixin.py:188} INFO - UPDATE falafel_db.orders SET order_status = %s, updated_at = %s WHERE order_id = %s
[2024-01-31T13:46:10.973+0000] {logging_mixin.py:188} INFO - Connected to MySQL database!
[2024-01-31T13:46:10.981+0000] {logging_mixin.py:188} INFO - UPDATE falafel_db.orders SET order_status = %s, updated_at = %s WHERE order_id = %s
[2024-01-31T13:46:10.985+0000] {logging_mixin.py:188} INFO - Connected to MySQL database!
[2024-01-31T13:46:16.008+0000] {logging_mixin.py:188} INFO - UPDATE falafel_db.orders SET order_status = %s, updated_at = %s WHERE order_id = %s
[2024-01-31T13:46:16.011+0000] {logging_mixin.py:188} INFO - Connected to MySQL database!
[2024-01-31T13:46:16.031+0000] {logging_mixin.py:188} INFO - UPDATE falafel_db.orders SET order_status = %s, updated_at = %s WHERE order_id = %s
[2024-01-31T13:46:16.034+0000] {logging_mixin.py:188} INFO - Connected to MySQL database!
[2024-01-31T13:46:21.046+0000] {logging_mixin.py:188} INFO - UPDATE falafel_db.orders SET order_status = %s, updated_at = %s WHERE order_id = %s
[2024-01-31T13:46:21.053+0000] {logging_mixin.py:188} INFO - Connected to MySQL database!
[2024-01-31T13:46:21.066+0000] {logging_mixin.py:188} INFO - UPDATE falafel_db.orders SET order_status = %s, updated_at = %s WHERE order_id = %s
[2024-01-31T13:46:21.069+0000] {logging_mixin.py:188} INFO - Connected to MySQL database!
[2024-01-31T13:46:26.084+0000] {logging_mixin.py:188} INFO - UPDATE falafel_db.orders SET order_status = %s, updated_at = %s WHERE order_id = %s
[2024-01-31T13:46:26.088+0000] {logging_mixin.py:188} INFO - Connected to MySQL database!
[2024-01-31T13:46:26.095+0000] {logging_mixin.py:188} INFO - UPDATE falafel_db.orders SET order_status = %s, updated_at = %s WHERE order_id = %s
[2024-01-31T13:46:26.098+0000] {logging_mixin.py:188} INFO - Connected to MySQL database!
[2024-01-31T13:46:31.113+0000] {logging_mixin.py:188} INFO - UPDATE falafel_db.orders SET order_status = %s, updated_at = %s WHERE order_id = %s
[2024-01-31T13:46:31.121+0000] {logging_mixin.py:188} INFO - Connected to MySQL database!
[2024-01-31T13:46:31.131+0000] {python.py:201} INFO - Done. Returned value was: None
[2024-01-31T13:46:31.137+0000] {taskinstance.py:1138} INFO - Marking task as SUCCESS. dag_id=mysql_ingestor, task_id=ingestion, execution_date=20240131T134400, start_date=20240131T134600, end_date=20240131T134631
[2024-01-31T13:46:31.162+0000] {local_task_job_runner.py:234} INFO - Task exited with return code 0
[2024-01-31T13:46:31.169+0000] {taskinstance.py:3280} INFO - 0 downstream tasks scheduled from follow-on schedule check
